2024-07-02 18:56:59.880 +04:00  INF  Now listening on: https://localhost:7095
2024-07-02 18:56:59.915 +04:00  INF  Now listening on: http://localhost:5035
2024-07-02 18:56:59.918 +04:00  INF  Application started. Press Ctrl+C to shut down.
2024-07-02 18:56:59.919 +04:00  INF  Hosting environment: Development
2024-07-02 18:56:59.919 +04:00  INF  Content root path: C:\Users\ASUS\OneDrive\Рабочий стол\API\AppCourse\App\
2024-07-02 18:57:00.422 +04:00  INF  Request starting HTTP/2 GET https://localhost:7095/swagger - -
2024-07-02 18:57:00.711 +04:00  INF  Request finished HTTP/2 GET https://localhost:7095/swagger - - - 301 0 - 293.4712ms
2024-07-02 18:57:00.714 +04:00  INF  Request starting HTTP/2 GET https://localhost:7095/swagger/index.html - -
2024-07-02 18:57:00.792 +04:00  INF  Request finished HTTP/2 GET https://localhost:7095/swagger/index.html - - - 200 - text/html;charset=utf-8 78.5011ms
2024-07-02 18:57:00.799 +04:00  INF  Request starting HTTP/2 GET https://localhost:7095/swagger/swagger-ui.css - -
2024-07-02 18:57:00.799 +04:00  INF  Request starting HTTP/2 GET https://localhost:7095/_framework/aspnetcore-browser-refresh.js - -
2024-07-02 18:57:00.799 +04:00  INF  Request starting HTTP/2 GET https://localhost:7095/swagger/swagger-ui-bundle.js - -
2024-07-02 18:57:00.799 +04:00  INF  Request starting HTTP/2 GET https://localhost:7095/swagger/swagger-ui-standalone-preset.js - -
2024-07-02 18:57:00.801 +04:00  INF  Request finished HTTP/2 GET https://localhost:7095/_framework/aspnetcore-browser-refresh.js - - - 200 11976 application/javascript;+charset=utf-8 1.9637ms
2024-07-02 18:57:00.815 +04:00  INF  Sending file. Request path: '/swagger-ui-standalone-preset.js'. Physical path: 'N/A'
2024-07-02 18:57:00.815 +04:00  INF  Sending file. Request path: '/swagger-ui.css'. Physical path: 'N/A'
2024-07-02 18:57:00.816 +04:00  INF  Request finished HTTP/2 GET https://localhost:7095/swagger/swagger-ui-standalone-preset.js - - - 200 312163 application/javascript 16.1979ms
2024-07-02 18:57:00.816 +04:00  INF  Request finished HTTP/2 GET https://localhost:7095/swagger/swagger-ui.css - - - 200 144929 text/css 16.2290ms
2024-07-02 18:57:00.820 +04:00  INF  Sending file. Request path: '/swagger-ui-bundle.js'. Physical path: 'N/A'
2024-07-02 18:57:00.821 +04:00  INF  Request finished HTTP/2 GET https://localhost:7095/swagger/swagger-ui-bundle.js - - - 200 1061536 application/javascript 21.8669ms
2024-07-02 18:57:00.943 +04:00  INF  Request starting HTTP/2 GET https://localhost:7095/_vs/browserLink - -
2024-07-02 18:57:01.087 +04:00  INF  Request finished HTTP/2 GET https://localhost:7095/_vs/browserLink - - - 200 - text/javascript;+charset=UTF-8 143.6467ms
2024-07-02 18:57:01.147 +04:00  INF  Request starting HTTP/2 GET https://localhost:7095/swagger/favicon-32x32.png - -
2024-07-02 18:57:01.147 +04:00  INF  Sending file. Request path: '/favicon-32x32.png'. Physical path: 'N/A'
2024-07-02 18:57:01.147 +04:00  INF  Request finished HTTP/2 GET https://localhost:7095/swagger/favicon-32x32.png - - - 200 628 image/png 0.7660ms
2024-07-02 18:57:01.193 +04:00  INF  Request starting HTTP/2 GET https://localhost:7095/swagger/v1/swagger.json - -
2024-07-02 18:57:01.330 +04:00  INF  Request finished HTTP/2 GET https://localhost:7095/swagger/v1/swagger.json - - - 200 - application/json;charset=utf-8 136.5693ms
2024-07-02 18:57:11.779 +04:00  INF  Request starting HTTP/2 GET https://localhost:7095/api/admin/Teacher/GetAll - -
2024-07-02 18:57:11.788 +04:00  INF  Executing endpoint 'App.Controllers.Admin.TeacherController.GetAll (App)'
2024-07-02 18:57:11.812 +04:00  INF  Route matched with {action = "GetAll", controller = "Teacher"}. Executing controller action with signature System.Threading.Tasks.Task`1[Microsoft.AspNetCore.Mvc.IActionResult] GetAll() on controller App.Controllers.Admin.TeacherController (App).
2024-07-02 18:57:13.175 +04:00  WRN  No store type was specified for the decimal property 'Salary' on entity type 'Teacher'. This will cause values to be silently truncated if they do not fit in the default precision and scale. Explicitly specify the SQL server column type that can accommodate all the values in 'OnModelCreating' using 'HasColumnType', specify precision and scale using 'HasPrecision', or configure a value converter using 'HasConversion'.
2024-07-02 18:57:13.434 +04:00  INF  Entity Framework Core 6.0.31 initialized 'AppDbContext' using provider 'Microsoft.EntityFrameworkCore.SqlServer:6.0.31' with options: None
2024-07-02 18:57:14.836 +04:00  INF  Executed DbCommand (36ms) [Parameters=[], CommandType='"Text"', CommandTimeout='30']
SELECT [t].[Id], [t].[Age], [t].[CreatedDate], [t].[Email], [t].[Name], [t].[Salary], [t].[SoftDelete], [t].[Surname]
FROM [Teachers] AS [t]
2024-07-02 18:57:14.894 +04:00  INF  Executing OkObjectResult, writing value of type 'System.Collections.Generic.List`1[[Service.DTOs.Admin.Teachers.TeacherDto, Service, Version=1.0.0.0, Culture=neutral, PublicKeyToken=null]]'.
2024-07-02 18:57:14.908 +04:00  INF  Executed action App.Controllers.Admin.TeacherController.GetAll (App) in 3089.8011ms
2024-07-02 18:57:14.908 +04:00  INF  Executed endpoint 'App.Controllers.Admin.TeacherController.GetAll (App)'
2024-07-02 18:57:14.913 +04:00  INF  Request finished HTTP/2 GET https://localhost:7095/api/admin/Teacher/GetAll - - - 200 - application/json;+charset=utf-8 3134.9755ms
2024-07-02 18:57:52.851 +04:00  INF  Request starting HTTP/2 POST https://localhost:7095/api/admin/Teacher/Create application/json 105
2024-07-02 18:57:52.854 +04:00  INF  Executing endpoint 'App.Controllers.Admin.TeacherController.Create (App)'
2024-07-02 18:57:52.942 +04:00  INF  Route matched with {action = "Create", controller = "Teacher"}. Executing controller action with signature System.Threading.Tasks.Task`1[Microsoft.AspNetCore.Mvc.IActionResult] Create(Service.DTOs.Admin.Teachers.TeacherCreateDto) on controller App.Controllers.Admin.TeacherController (App).
2024-07-02 18:57:52.989 +04:00  INF  Entity Framework Core 6.0.31 initialized 'AppDbContext' using provider 'Microsoft.EntityFrameworkCore.SqlServer:6.0.31' with options: None
2024-07-02 18:57:53.474 +04:00  INF  Executed DbCommand (93ms) [Parameters=[@p0='?' (DbType = Int32), @p1='?' (DbType = DateTime2), @p2='?' (Size = 4000), @p3='?' (Size = 4000), @p4='?' (Precision = 18) (Scale = 2) (DbType = Decimal), @p5='?' (DbType = Boolean), @p6='?' (Size = 4000)], CommandType='"Text"', CommandTimeout='30']
SET NOCOUNT ON;
INSERT INTO [Teachers] ([Age], [CreatedDate], [Email], [Name], [Salary], [SoftDelete], [Surname])
VALUES (@p0, @p1, @p2, @p3, @p4, @p5, @p6);
SELECT [Id]
FROM [Teachers]
WHERE @@ROWCOUNT = 1 AND [Id] = scope_identity();
2024-07-02 18:57:53.520 +04:00  INF  Executing CreatedAtActionResult, writing value of type '<>f__AnonymousType1`1[[System.String, System.Private.CoreLib, Version=6.0.0.0, Culture=neutral, PublicKeyToken=7cec85d7bea7798e]]'.
2024-07-02 18:57:53.543 +04:00  INF  Executed action App.Controllers.Admin.TeacherController.Create (App) in 600.8335ms
2024-07-02 18:57:53.543 +04:00  INF  Executed endpoint 'App.Controllers.Admin.TeacherController.Create (App)'
2024-07-02 18:57:53.543 +04:00  INF  Request finished HTTP/2 POST https://localhost:7095/api/admin/Teacher/Create application/json 105 - 201 - application/json;+charset=utf-8 692.3102ms
2024-07-02 18:58:02.634 +04:00  INF  Request starting HTTP/2 GET https://localhost:7095/api/admin/Teacher/GetAll - -
2024-07-02 18:58:02.634 +04:00  INF  Executing endpoint 'App.Controllers.Admin.TeacherController.GetAll (App)'
2024-07-02 18:58:02.635 +04:00  INF  Route matched with {action = "GetAll", controller = "Teacher"}. Executing controller action with signature System.Threading.Tasks.Task`1[Microsoft.AspNetCore.Mvc.IActionResult] GetAll() on controller App.Controllers.Admin.TeacherController (App).
2024-07-02 18:58:02.647 +04:00  INF  Entity Framework Core 6.0.31 initialized 'AppDbContext' using provider 'Microsoft.EntityFrameworkCore.SqlServer:6.0.31' with options: None
2024-07-02 18:58:02.652 +04:00  INF  Executed DbCommand (2ms) [Parameters=[], CommandType='"Text"', CommandTimeout='30']
SELECT [t].[Id], [t].[Age], [t].[CreatedDate], [t].[Email], [t].[Name], [t].[Salary], [t].[SoftDelete], [t].[Surname]
FROM [Teachers] AS [t]
2024-07-02 18:58:02.653 +04:00  INF  Executing OkObjectResult, writing value of type 'System.Collections.Generic.List`1[[Service.DTOs.Admin.Teachers.TeacherDto, Service, Version=1.0.0.0, Culture=neutral, PublicKeyToken=null]]'.
2024-07-02 18:58:02.653 +04:00  INF  Executed action App.Controllers.Admin.TeacherController.GetAll (App) in 18.3936ms
2024-07-02 18:58:02.653 +04:00  INF  Executed endpoint 'App.Controllers.Admin.TeacherController.GetAll (App)'
2024-07-02 18:58:02.653 +04:00  INF  Request finished HTTP/2 GET https://localhost:7095/api/admin/Teacher/GetAll - - - 200 - application/json;+charset=utf-8 19.8246ms
2024-07-02 18:58:22.396 +04:00  INF  Request starting HTTP/2 PUT https://localhost:7095/api/admin/Teacher/Edit/3 application/json 96
2024-07-02 18:58:22.396 +04:00  INF  Executing endpoint 'App.Controllers.Admin.TeacherController.Edit (App)'
2024-07-02 18:58:22.400 +04:00  INF  Route matched with {action = "Edit", controller = "Teacher"}. Executing controller action with signature System.Threading.Tasks.Task`1[Microsoft.AspNetCore.Mvc.IActionResult] Edit(Int32, Service.DTOs.Admin.Teachers.TeacherEditDto) on controller App.Controllers.Admin.TeacherController (App).
2024-07-02 18:58:22.402 +04:00  INF  Entity Framework Core 6.0.31 initialized 'AppDbContext' using provider 'Microsoft.EntityFrameworkCore.SqlServer:6.0.31' with options: None
2024-07-02 18:58:22.558 +04:00  INF  Executed DbCommand (2ms) [Parameters=[@__id_0='?' (DbType = Int32)], CommandType='"Text"', CommandTimeout='30']
SELECT TOP(1) [t].[Id], [t].[Age], [t].[CreatedDate], [t].[Email], [t].[Name], [t].[Salary], [t].[SoftDelete], [t].[Surname]
FROM [Teachers] AS [t]
WHERE [t].[Id] = @__id_0
2024-07-02 18:58:22.574 +04:00  INF  Executed DbCommand (4ms) [Parameters=[@p7='?' (DbType = Int32), @p0='?' (DbType = Int32), @p1='?' (DbType = DateTime2), @p2='?' (Size = 4000), @p3='?' (Size = 4000), @p4='?' (Precision = 18) (Scale = 2) (DbType = Decimal), @p5='?' (DbType = Boolean), @p6='?' (Size = 4000)], CommandType='"Text"', CommandTimeout='30']
SET NOCOUNT ON;
UPDATE [Teachers] SET [Age] = @p0, [CreatedDate] = @p1, [Email] = @p2, [Name] = @p3, [Salary] = @p4, [SoftDelete] = @p5, [Surname] = @p6
WHERE [Id] = @p7;
SELECT @@ROWCOUNT;
2024-07-02 18:58:22.578 +04:00  INF  Executing OkObjectResult, writing value of type '<>f__AnonymousType0`1[[System.String, System.Private.CoreLib, Version=6.0.0.0, Culture=neutral, PublicKeyToken=7cec85d7bea7798e]]'.
2024-07-02 18:58:22.579 +04:00  INF  Executed action App.Controllers.Admin.TeacherController.Edit (App) in 178.7629ms
2024-07-02 18:58:22.579 +04:00  INF  Executed endpoint 'App.Controllers.Admin.TeacherController.Edit (App)'
2024-07-02 18:58:22.580 +04:00  INF  Request finished HTTP/2 PUT https://localhost:7095/api/admin/Teacher/Edit/3 application/json 96 - 200 - application/json;+charset=utf-8 183.8677ms
2024-07-02 18:58:33.671 +04:00  INF  Request starting HTTP/2 GET https://localhost:7095/api/admin/Teacher/GetAll - -
2024-07-02 18:58:33.671 +04:00  INF  Executing endpoint 'App.Controllers.Admin.TeacherController.GetAll (App)'
2024-07-02 18:58:33.671 +04:00  INF  Route matched with {action = "GetAll", controller = "Teacher"}. Executing controller action with signature System.Threading.Tasks.Task`1[Microsoft.AspNetCore.Mvc.IActionResult] GetAll() on controller App.Controllers.Admin.TeacherController (App).
2024-07-02 18:58:33.672 +04:00  INF  Entity Framework Core 6.0.31 initialized 'AppDbContext' using provider 'Microsoft.EntityFrameworkCore.SqlServer:6.0.31' with options: None
2024-07-02 18:58:33.675 +04:00  INF  Executed DbCommand (2ms) [Parameters=[], CommandType='"Text"', CommandTimeout='30']
SELECT [t].[Id], [t].[Age], [t].[CreatedDate], [t].[Email], [t].[Name], [t].[Salary], [t].[SoftDelete], [t].[Surname]
FROM [Teachers] AS [t]
2024-07-02 18:58:33.675 +04:00  INF  Executing OkObjectResult, writing value of type 'System.Collections.Generic.List`1[[Service.DTOs.Admin.Teachers.TeacherDto, Service, Version=1.0.0.0, Culture=neutral, PublicKeyToken=null]]'.
2024-07-02 18:58:33.676 +04:00  INF  Executed action App.Controllers.Admin.TeacherController.GetAll (App) in 4.338ms
2024-07-02 18:58:33.676 +04:00  INF  Executed endpoint 'App.Controllers.Admin.TeacherController.GetAll (App)'
2024-07-02 18:58:33.676 +04:00  INF  Request finished HTTP/2 GET https://localhost:7095/api/admin/Teacher/GetAll - - - 200 - application/json;+charset=utf-8 5.2075ms
2024-07-02 18:59:54.487 +04:00  INF  Request starting HTTP/2 PUT https://localhost:7095/api/admin/Teacher/Edit/3 application/json 88
2024-07-02 18:59:54.487 +04:00  INF  Executing endpoint 'App.Controllers.Admin.TeacherController.Edit (App)'
2024-07-02 18:59:54.487 +04:00  INF  Route matched with {action = "Edit", controller = "Teacher"}. Executing controller action with signature System.Threading.Tasks.Task`1[Microsoft.AspNetCore.Mvc.IActionResult] Edit(Int32, Service.DTOs.Admin.Teachers.TeacherEditDto) on controller App.Controllers.Admin.TeacherController (App).
2024-07-02 18:59:54.489 +04:00  INF  Entity Framework Core 6.0.31 initialized 'AppDbContext' using provider 'Microsoft.EntityFrameworkCore.SqlServer:6.0.31' with options: None
2024-07-02 18:59:54.564 +04:00  INF  Executing BadRequestObjectResult, writing value of type 'Microsoft.AspNetCore.Mvc.ValidationProblemDetails'.
2024-07-02 18:59:54.565 +04:00  INF  Executed action App.Controllers.Admin.TeacherController.Edit (App) in 78.0199ms
2024-07-02 18:59:54.565 +04:00  INF  Executed endpoint 'App.Controllers.Admin.TeacherController.Edit (App)'
2024-07-02 18:59:54.566 +04:00  INF  Request finished HTTP/2 PUT https://localhost:7095/api/admin/Teacher/Edit/3 application/json 88 - 400 - application/problem+json;+charset=utf-8 79.1628ms
2024-07-02 19:00:14.843 +04:00  INF  Request starting HTTP/2 GET https://localhost:7095/api/admin/Teacher/GetAll - -
2024-07-02 19:00:14.843 +04:00  INF  Executing endpoint 'App.Controllers.Admin.TeacherController.GetAll (App)'
2024-07-02 19:00:14.844 +04:00  INF  Route matched with {action = "GetAll", controller = "Teacher"}. Executing controller action with signature System.Threading.Tasks.Task`1[Microsoft.AspNetCore.Mvc.IActionResult] GetAll() on controller App.Controllers.Admin.TeacherController (App).
2024-07-02 19:00:14.844 +04:00  INF  Entity Framework Core 6.0.31 initialized 'AppDbContext' using provider 'Microsoft.EntityFrameworkCore.SqlServer:6.0.31' with options: None
2024-07-02 19:00:14.847 +04:00  INF  Executed DbCommand (2ms) [Parameters=[], CommandType='"Text"', CommandTimeout='30']
SELECT [t].[Id], [t].[Age], [t].[CreatedDate], [t].[Email], [t].[Name], [t].[Salary], [t].[SoftDelete], [t].[Surname]
FROM [Teachers] AS [t]
2024-07-02 19:00:14.848 +04:00  INF  Executing OkObjectResult, writing value of type 'System.Collections.Generic.List`1[[Service.DTOs.Admin.Teachers.TeacherDto, Service, Version=1.0.0.0, Culture=neutral, PublicKeyToken=null]]'.
2024-07-02 19:00:14.848 +04:00  INF  Executed action App.Controllers.Admin.TeacherController.GetAll (App) in 4.6387ms
2024-07-02 19:00:14.848 +04:00  INF  Executed endpoint 'App.Controllers.Admin.TeacherController.GetAll (App)'
2024-07-02 19:00:14.849 +04:00  INF  Request finished HTTP/2 GET https://localhost:7095/api/admin/Teacher/GetAll - - - 200 - application/json;+charset=utf-8 5.6803ms
2024-07-02 19:01:07.295 +04:00  INF  Now listening on: https://localhost:7095
2024-07-02 19:01:07.325 +04:00  INF  Now listening on: http://localhost:5035
2024-07-02 19:01:07.328 +04:00  INF  Application started. Press Ctrl+C to shut down.
2024-07-02 19:01:07.329 +04:00  INF  Hosting environment: Development
2024-07-02 19:01:07.329 +04:00  INF  Content root path: C:\Users\ASUS\OneDrive\Рабочий стол\API\AppCourse\App\
2024-07-02 19:01:07.835 +04:00  INF  Request starting HTTP/2 GET https://localhost:7095/swagger/index.html - -
2024-07-02 19:01:08.059 +04:00  INF  Request finished HTTP/2 GET https://localhost:7095/swagger/index.html - - - 200 - text/html;charset=utf-8 226.2501ms
2024-07-02 19:01:08.114 +04:00  INF  Request starting HTTP/2 GET https://localhost:7095/_vs/browserLink - -
2024-07-02 19:01:08.114 +04:00  INF  Request starting HTTP/2 GET https://localhost:7095/_framework/aspnetcore-browser-refresh.js - -
2024-07-02 19:01:08.116 +04:00  INF  Request finished HTTP/2 GET https://localhost:7095/_framework/aspnetcore-browser-refresh.js - - - 200 11976 application/javascript;+charset=utf-8 2.3271ms
2024-07-02 19:01:08.157 +04:00  INF  Request finished HTTP/2 GET https://localhost:7095/_vs/browserLink - - - 200 - text/javascript;+charset=UTF-8 43.6752ms
2024-07-02 19:01:08.432 +04:00  INF  Request starting HTTP/2 GET https://localhost:7095/swagger/v1/swagger.json - -
2024-07-02 19:01:08.538 +04:00  INF  Request finished HTTP/2 GET https://localhost:7095/swagger/v1/swagger.json - - - 200 - application/json;charset=utf-8 105.5496ms
2024-07-02 19:01:19.104 +04:00  INF  Request starting HTTP/2 GET https://localhost:7095/api/admin/Teacher/GetById/1 - -
2024-07-02 19:01:19.121 +04:00  INF  Executing endpoint 'App.Controllers.Admin.TeacherController.GetById (App)'
2024-07-02 19:01:19.161 +04:00  INF  Route matched with {action = "GetById", controller = "Teacher"}. Executing controller action with signature System.Threading.Tasks.Task`1[Microsoft.AspNetCore.Mvc.IActionResult] GetById(Int32) on controller App.Controllers.Admin.TeacherController (App).
2024-07-02 19:01:20.010 +04:00  WRN  No store type was specified for the decimal property 'Salary' on entity type 'Teacher'. This will cause values to be silently truncated if they do not fit in the default precision and scale. Explicitly specify the SQL server column type that can accommodate all the values in 'OnModelCreating' using 'HasColumnType', specify precision and scale using 'HasPrecision', or configure a value converter using 'HasConversion'.
2024-07-02 19:01:20.198 +04:00  INF  Entity Framework Core 6.0.31 initialized 'AppDbContext' using provider 'Microsoft.EntityFrameworkCore.SqlServer:6.0.31' with options: None
2024-07-02 19:01:21.131 +04:00  INF  Executed DbCommand (55ms) [Parameters=[@__id_0='?' (DbType = Int32)], CommandType='"Text"', CommandTimeout='30']
SELECT TOP(1) [t].[Id], [t].[Age], [t].[CreatedDate], [t].[Email], [t].[Name], [t].[Salary], [t].[SoftDelete], [t].[Surname]
FROM [Teachers] AS [t]
WHERE [t].[Id] = @__id_0
2024-07-02 19:01:21.177 +04:00  INF  Executing OkObjectResult, writing value of type 'Service.DTOs.Admin.Teachers.TeacherDto'.
2024-07-02 19:01:21.190 +04:00  INF  Executed action App.Controllers.Admin.TeacherController.GetById (App) in 2022.0679ms
2024-07-02 19:01:21.191 +04:00  INF  Executed endpoint 'App.Controllers.Admin.TeacherController.GetById (App)'
2024-07-02 19:01:21.196 +04:00  INF  Request finished HTTP/2 GET https://localhost:7095/api/admin/Teacher/GetById/1 - - - 200 - application/json;+charset=utf-8 2091.9590ms
2024-07-02 19:01:25.465 +04:00  INF  Request starting HTTP/2 GET https://localhost:7095/api/admin/Teacher/GetById/12 - -
2024-07-02 19:01:25.469 +04:00  INF  Executing endpoint 'App.Controllers.Admin.TeacherController.GetById (App)'
2024-07-02 19:01:25.470 +04:00  INF  Route matched with {action = "GetById", controller = "Teacher"}. Executing controller action with signature System.Threading.Tasks.Task`1[Microsoft.AspNetCore.Mvc.IActionResult] GetById(Int32) on controller App.Controllers.Admin.TeacherController (App).
2024-07-02 19:01:25.533 +04:00  INF  Entity Framework Core 6.0.31 initialized 'AppDbContext' using provider 'Microsoft.EntityFrameworkCore.SqlServer:6.0.31' with options: None
2024-07-02 19:01:25.545 +04:00  INF  Executed DbCommand (4ms) [Parameters=[@__id_0='?' (DbType = Int32)], CommandType='"Text"', CommandTimeout='30']
SELECT TOP(1) [t].[Id], [t].[Age], [t].[CreatedDate], [t].[Email], [t].[Name], [t].[Salary], [t].[SoftDelete], [t].[Surname]
FROM [Teachers] AS [t]
WHERE [t].[Id] = @__id_0
2024-07-02 19:01:25.548 +04:00  INF  Executed action App.Controllers.Admin.TeacherController.GetById (App) in 77.6119ms
2024-07-02 19:01:25.548 +04:00  INF  Executed endpoint 'App.Controllers.Admin.TeacherController.GetById (App)'
2024-07-02 19:01:25.555 +04:00  ERR  An unhandled exception has occurred while executing the request.System.NullReferenceException: Object reference not set to an instance of an object.
   at Service.Services.TeacherService.GetByIdAsync(Nullable`1 id) in C:\Users\ASUS\OneDrive\Рабочий стол\API\AppCourse\Service\Services\TeacherService.cs:line 60
   at App.Controllers.Admin.TeacherController.GetById(Int32 id) in C:\Users\ASUS\OneDrive\Рабочий стол\API\AppCourse\App\Controllers\Admin\TeacherController.cs:line 45
   at Microsoft.AspNetCore.Mvc.Infrastructure.ActionMethodExecutor.TaskOfIActionResultExecutor.Execute(IActionResultTypeMapper mapper, ObjectMethodExecutor executor, Object controller, Object[] arguments)
   at Microsoft.AspNetCore.Mvc.Infrastructure.ControllerActionInvoker.<InvokeActionMethodAsync>g__Awaited|12_0(ControllerActionInvoker invoker, ValueTask`1 actionResultValueTask)
   at Microsoft.AspNetCore.Mvc.Infrastructure.ControllerActionInvoker.<InvokeNextActionFilterAsync>g__Awaited|10_0(ControllerActionInvoker invoker, Task lastTask, State next, Scope scope, Object state, Boolean isCompleted)
   at Microsoft.AspNetCore.Mvc.Infrastructure.ControllerActionInvoker.Rethrow(ActionExecutedContextSealed context)
   at Microsoft.AspNetCore.Mvc.Infrastructure.ControllerActionInvoker.Next(State& next, Scope& scope, Object& state, Boolean& isCompleted)
   at Microsoft.AspNetCore.Mvc.Infrastructure.ControllerActionInvoker.<InvokeInnerFilterAsync>g__Awaited|13_0(ControllerActionInvoker invoker, Task lastTask, State next, Scope scope, Object state, Boolean isCompleted)
   at Microsoft.AspNetCore.Mvc.Infrastructure.ResourceInvoker.<InvokeFilterPipelineAsync>g__Awaited|20_0(ResourceInvoker invoker, Task lastTask, State next, Scope scope, Object state, Boolean isCompleted)
   at Microsoft.AspNetCore.Mvc.Infrastructure.ResourceInvoker.<InvokeAsync>g__Logged|17_1(ResourceInvoker invoker)
   at Microsoft.AspNetCore.Mvc.Infrastructure.ResourceInvoker.<InvokeAsync>g__Logged|17_1(ResourceInvoker invoker)
   at Microsoft.AspNetCore.Routing.EndpointMiddleware.<Invoke>g__AwaitRequestTask|6_0(Endpoint endpoint, Task requestTask, ILogger logger)
   at Microsoft.AspNetCore.Authorization.AuthorizationMiddleware.Invoke(HttpContext context)
   at Swashbuckle.AspNetCore.SwaggerUI.SwaggerUIMiddleware.Invoke(HttpContext httpContext)
   at Swashbuckle.AspNetCore.Swagger.SwaggerMiddleware.Invoke(HttpContext httpContext, ISwaggerProvider swaggerProvider)
   at Microsoft.AspNetCore.Diagnostics.DeveloperExceptionPageMiddleware.Invoke(HttpContext context)

2024-07-02 19:01:25.797 +04:00  INF  Request finished HTTP/2 GET https://localhost:7095/api/admin/Teacher/GetById/12 - - - 500 - text/plain;+charset=utf-8 332.1175ms
2024-07-02 19:02:46.603 +04:00  INF  Now listening on: https://localhost:7095
2024-07-02 19:02:46.634 +04:00  INF  Now listening on: http://localhost:5035
2024-07-02 19:02:46.638 +04:00  INF  Application started. Press Ctrl+C to shut down.
2024-07-02 19:02:46.638 +04:00  INF  Hosting environment: Development
2024-07-02 19:02:46.638 +04:00  INF  Content root path: C:\Users\ASUS\OneDrive\Рабочий стол\API\AppCourse\App\
2024-07-02 19:02:47.058 +04:00  INF  Request starting HTTP/2 GET https://localhost:7095/swagger/index.html - -
2024-07-02 19:02:47.279 +04:00  INF  Request finished HTTP/2 GET https://localhost:7095/swagger/index.html - - - 200 - text/html;charset=utf-8 224.0050ms
2024-07-02 19:02:47.287 +04:00  INF  Request starting HTTP/2 GET https://localhost:7095/_framework/aspnetcore-browser-refresh.js - -
2024-07-02 19:02:47.287 +04:00  INF  Request starting HTTP/2 GET https://localhost:7095/_vs/browserLink - -
2024-07-02 19:02:47.289 +04:00  INF  Request finished HTTP/2 GET https://localhost:7095/_framework/aspnetcore-browser-refresh.js - - - 200 11976 application/javascript;+charset=utf-8 1.8115ms
2024-07-02 19:02:47.324 +04:00  INF  Request finished HTTP/2 GET https://localhost:7095/_vs/browserLink - - - 200 - text/javascript;+charset=UTF-8 36.4936ms
2024-07-02 19:02:47.554 +04:00  INF  Request starting HTTP/2 GET https://localhost:7095/swagger/v1/swagger.json - -
2024-07-02 19:02:47.652 +04:00  INF  Request finished HTTP/2 GET https://localhost:7095/swagger/v1/swagger.json - - - 200 - application/json;charset=utf-8 97.9485ms
2024-07-02 19:03:19.152 +04:00  INF  Request starting HTTP/2 PUT https://localhost:7095/api/admin/Teacher/Edit/3 application/json 84
2024-07-02 19:03:19.162 +04:00  INF  Executing endpoint 'App.Controllers.Admin.TeacherController.Edit (App)'
2024-07-02 19:03:19.196 +04:00  INF  Route matched with {action = "Edit", controller = "Teacher"}. Executing controller action with signature System.Threading.Tasks.Task`1[Microsoft.AspNetCore.Mvc.IActionResult] Edit(Int32, Service.DTOs.Admin.Teachers.TeacherEditDto) on controller App.Controllers.Admin.TeacherController (App).
2024-07-02 19:03:20.108 +04:00  WRN  No store type was specified for the decimal property 'Salary' on entity type 'Teacher'. This will cause values to be silently truncated if they do not fit in the default precision and scale. Explicitly specify the SQL server column type that can accommodate all the values in 'OnModelCreating' using 'HasColumnType', specify precision and scale using 'HasPrecision', or configure a value converter using 'HasConversion'.
2024-07-02 19:03:20.297 +04:00  INF  Entity Framework Core 6.0.31 initialized 'AppDbContext' using provider 'Microsoft.EntityFrameworkCore.SqlServer:6.0.31' with options: None
2024-07-02 19:03:20.457 +04:00  INF  Executing BadRequestObjectResult, writing value of type 'Microsoft.AspNetCore.Mvc.ValidationProblemDetails'.
2024-07-02 19:03:20.467 +04:00  INF  Executed action App.Controllers.Admin.TeacherController.Edit (App) in 1264.4869ms
2024-07-02 19:03:20.468 +04:00  INF  Executed endpoint 'App.Controllers.Admin.TeacherController.Edit (App)'
2024-07-02 19:03:20.474 +04:00  INF  Request finished HTTP/2 PUT https://localhost:7095/api/admin/Teacher/Edit/3 application/json 84 - 400 - application/problem+json;+charset=utf-8 1322.1606ms
2024-07-02 19:03:44.802 +04:00  INF  Request starting HTTP/2 GET https://localhost:7095/api/admin/Teacher/GetAll - -
2024-07-02 19:03:44.810 +04:00  INF  Executing endpoint 'App.Controllers.Admin.TeacherController.GetAll (App)'
2024-07-02 19:03:44.816 +04:00  INF  Route matched with {action = "GetAll", controller = "Teacher"}. Executing controller action with signature System.Threading.Tasks.Task`1[Microsoft.AspNetCore.Mvc.IActionResult] GetAll() on controller App.Controllers.Admin.TeacherController (App).
2024-07-02 19:03:44.870 +04:00  INF  Entity Framework Core 6.0.31 initialized 'AppDbContext' using provider 'Microsoft.EntityFrameworkCore.SqlServer:6.0.31' with options: None
2024-07-02 19:03:45.634 +04:00  INF  Executed DbCommand (39ms) [Parameters=[], CommandType='"Text"', CommandTimeout='30']
SELECT [t].[Id], [t].[Age], [t].[CreatedDate], [t].[Email], [t].[Name], [t].[Salary], [t].[SoftDelete], [t].[Surname]
FROM [Teachers] AS [t]
2024-07-02 19:03:45.687 +04:00  INF  Executing OkObjectResult, writing value of type 'System.Collections.Generic.List`1[[Service.DTOs.Admin.Teachers.TeacherDto, Service, Version=1.0.0.0, Culture=neutral, PublicKeyToken=null]]'.
2024-07-02 19:03:45.694 +04:00  INF  Executed action App.Controllers.Admin.TeacherController.GetAll (App) in 877.4675ms
2024-07-02 19:03:45.694 +04:00  INF  Executed endpoint 'App.Controllers.Admin.TeacherController.GetAll (App)'
2024-07-02 19:03:45.696 +04:00  INF  Request finished HTTP/2 GET https://localhost:7095/api/admin/Teacher/GetAll - - - 200 - application/json;+charset=utf-8 894.9449ms
2024-07-02 19:05:59.215 +04:00  INF  Now listening on: https://localhost:7095
2024-07-02 19:05:59.250 +04:00  INF  Now listening on: http://localhost:5035
2024-07-02 19:05:59.254 +04:00  INF  Application started. Press Ctrl+C to shut down.
2024-07-02 19:05:59.254 +04:00  INF  Hosting environment: Development
2024-07-02 19:05:59.254 +04:00  INF  Content root path: C:\Users\ASUS\OneDrive\Рабочий стол\API\AppCourse\App\
2024-07-02 19:05:59.579 +04:00  INF  Request starting HTTP/2 GET https://localhost:7095/swagger/index.html - -
2024-07-02 19:05:59.798 +04:00  INF  Request finished HTTP/2 GET https://localhost:7095/swagger/index.html - - - 200 - text/html;charset=utf-8 222.5565ms
2024-07-02 19:05:59.806 +04:00  INF  Request starting HTTP/2 GET https://localhost:7095/_framework/aspnetcore-browser-refresh.js - -
2024-07-02 19:05:59.806 +04:00  INF  Request starting HTTP/2 GET https://localhost:7095/_vs/browserLink - -
2024-07-02 19:05:59.808 +04:00  INF  Request finished HTTP/2 GET https://localhost:7095/_framework/aspnetcore-browser-refresh.js - - - 200 11976 application/javascript;+charset=utf-8 2.3571ms
2024-07-02 19:05:59.845 +04:00  INF  Request finished HTTP/2 GET https://localhost:7095/_vs/browserLink - - - 200 - text/javascript;+charset=UTF-8 39.2500ms
2024-07-02 19:06:00.100 +04:00  INF  Request starting HTTP/2 GET https://localhost:7095/swagger/v1/swagger.json - -
2024-07-02 19:06:00.208 +04:00  INF  Request finished HTTP/2 GET https://localhost:7095/swagger/v1/swagger.json - - - 200 - application/json;charset=utf-8 108.6098ms
2024-07-02 19:06:41.956 +04:00  INF  Now listening on: https://localhost:7095
2024-07-02 19:06:41.986 +04:00  INF  Now listening on: http://localhost:5035
2024-07-02 19:06:41.991 +04:00  INF  Application started. Press Ctrl+C to shut down.
2024-07-02 19:06:41.991 +04:00  INF  Hosting environment: Development
2024-07-02 19:06:41.991 +04:00  INF  Content root path: C:\Users\ASUS\OneDrive\Рабочий стол\API\AppCourse\App\
2024-07-02 19:06:42.446 +04:00  INF  Request starting HTTP/2 GET https://localhost:7095/swagger/index.html - -
2024-07-02 19:06:42.660 +04:00  INF  Request finished HTTP/2 GET https://localhost:7095/swagger/index.html - - - 200 - text/html;charset=utf-8 217.3584ms
2024-07-02 19:06:42.684 +04:00  INF  Request starting HTTP/2 GET https://localhost:7095/_vs/browserLink - -
2024-07-02 19:06:42.684 +04:00  INF  Request starting HTTP/2 GET https://localhost:7095/_framework/aspnetcore-browser-refresh.js - -
2024-07-02 19:06:42.687 +04:00  INF  Request finished HTTP/2 GET https://localhost:7095/_framework/aspnetcore-browser-refresh.js - - - 200 11976 application/javascript;+charset=utf-8 2.1798ms
2024-07-02 19:06:42.723 +04:00  INF  Request finished HTTP/2 GET https://localhost:7095/_vs/browserLink - - - 200 - text/javascript;+charset=UTF-8 38.6475ms
2024-07-02 19:06:42.832 +04:00  INF  Request starting HTTP/2 GET https://localhost:7095/swagger/v1/swagger.json - -
2024-07-02 19:06:42.933 +04:00  INF  Request finished HTTP/2 GET https://localhost:7095/swagger/v1/swagger.json - - - 200 - application/json;charset=utf-8 101.8328ms
2024-07-02 19:06:52.736 +04:00  INF  Request starting HTTP/2 DELETE https://localhost:7095/api/admin/Teacher/Delete?id=5 - -
2024-07-02 19:06:52.761 +04:00  INF  Executing endpoint 'App.Controllers.Admin.TeacherController.Delete (App)'
2024-07-02 19:06:52.793 +04:00  INF  Route matched with {action = "Delete", controller = "Teacher"}. Executing controller action with signature System.Threading.Tasks.Task`1[Microsoft.AspNetCore.Mvc.IActionResult] Delete(Int32) on controller App.Controllers.Admin.TeacherController (App).
2024-07-02 19:06:53.613 +04:00  WRN  No store type was specified for the decimal property 'Salary' on entity type 'Teacher'. This will cause values to be silently truncated if they do not fit in the default precision and scale. Explicitly specify the SQL server column type that can accommodate all the values in 'OnModelCreating' using 'HasColumnType', specify precision and scale using 'HasPrecision', or configure a value converter using 'HasConversion'.
2024-07-02 19:06:53.785 +04:00  INF  Entity Framework Core 6.0.31 initialized 'AppDbContext' using provider 'Microsoft.EntityFrameworkCore.SqlServer:6.0.31' with options: None
2024-07-02 19:06:54.727 +04:00  INF  Executed DbCommand (57ms) [Parameters=[@__id_0='?' (DbType = Int32)], CommandType='"Text"', CommandTimeout='30']
SELECT TOP(1) [t].[Id], [t].[Age], [t].[CreatedDate], [t].[Email], [t].[Name], [t].[Salary], [t].[SoftDelete], [t].[Surname]
FROM [Teachers] AS [t]
WHERE [t].[Id] = @__id_0
2024-07-02 19:06:54.761 +04:00  INF  Executed action App.Controllers.Admin.TeacherController.Delete (App) in 1961.8433ms
2024-07-02 19:06:54.761 +04:00  INF  Executed endpoint 'App.Controllers.Admin.TeacherController.Delete (App)'
2024-07-02 19:06:54.766 +04:00  ERR  An unhandled exception has occurred while executing the request.System.NullReferenceException: Object reference not set to an instance of an object.
   at Service.Services.TeacherService.DeleteAsync(Nullable`1 id) in C:\Users\ASUS\OneDrive\Рабочий стол\API\AppCourse\Service\Services\TeacherService.cs:line 50
   at App.Controllers.Admin.TeacherController.Delete(Int32 id) in C:\Users\ASUS\OneDrive\Рабочий стол\API\AppCourse\App\Controllers\Admin\TeacherController.cs:line 53
   at Microsoft.AspNetCore.Mvc.Infrastructure.ActionMethodExecutor.TaskOfIActionResultExecutor.Execute(IActionResultTypeMapper mapper, ObjectMethodExecutor executor, Object controller, Object[] arguments)
   at Microsoft.AspNetCore.Mvc.Infrastructure.ControllerActionInvoker.<InvokeActionMethodAsync>g__Awaited|12_0(ControllerActionInvoker invoker, ValueTask`1 actionResultValueTask)
   at Microsoft.AspNetCore.Mvc.Infrastructure.ControllerActionInvoker.<InvokeNextActionFilterAsync>g__Awaited|10_0(ControllerActionInvoker invoker, Task lastTask, State next, Scope scope, Object state, Boolean isCompleted)
   at Microsoft.AspNetCore.Mvc.Infrastructure.ControllerActionInvoker.Rethrow(ActionExecutedContextSealed context)
   at Microsoft.AspNetCore.Mvc.Infrastructure.ControllerActionInvoker.Next(State& next, Scope& scope, Object& state, Boolean& isCompleted)
   at Microsoft.AspNetCore.Mvc.Infrastructure.ControllerActionInvoker.<InvokeInnerFilterAsync>g__Awaited|13_0(ControllerActionInvoker invoker, Task lastTask, State next, Scope scope, Object state, Boolean isCompleted)
   at Microsoft.AspNetCore.Mvc.Infrastructure.ResourceInvoker.<InvokeFilterPipelineAsync>g__Awaited|20_0(ResourceInvoker invoker, Task lastTask, State next, Scope scope, Object state, Boolean isCompleted)
   at Microsoft.AspNetCore.Mvc.Infrastructure.ResourceInvoker.<InvokeAsync>g__Logged|17_1(ResourceInvoker invoker)
   at Microsoft.AspNetCore.Mvc.Infrastructure.ResourceInvoker.<InvokeAsync>g__Logged|17_1(ResourceInvoker invoker)
   at Microsoft.AspNetCore.Routing.EndpointMiddleware.<Invoke>g__AwaitRequestTask|6_0(Endpoint endpoint, Task requestTask, ILogger logger)
   at Microsoft.AspNetCore.Authorization.AuthorizationMiddleware.Invoke(HttpContext context)
   at Swashbuckle.AspNetCore.SwaggerUI.SwaggerUIMiddleware.Invoke(HttpContext httpContext)
   at Swashbuckle.AspNetCore.Swagger.SwaggerMiddleware.Invoke(HttpContext httpContext, ISwaggerProvider swaggerProvider)
   at Microsoft.AspNetCore.Diagnostics.DeveloperExceptionPageMiddleware.Invoke(HttpContext context)

2024-07-02 19:06:54.810 +04:00  INF  Request finished HTTP/2 DELETE https://localhost:7095/api/admin/Teacher/Delete?id=5 - - - 500 - text/plain;+charset=utf-8 2073.5254ms
2024-07-02 19:07:06.134 +04:00  INF  Request starting HTTP/2 DELETE https://localhost:7095/api/admin/Teacher/Delete?id=3 - -
2024-07-02 19:07:06.137 +04:00  INF  Executing endpoint 'App.Controllers.Admin.TeacherController.Delete (App)'
2024-07-02 19:07:06.138 +04:00  INF  Route matched with {action = "Delete", controller = "Teacher"}. Executing controller action with signature System.Threading.Tasks.Task`1[Microsoft.AspNetCore.Mvc.IActionResult] Delete(Int32) on controller App.Controllers.Admin.TeacherController (App).
2024-07-02 19:07:06.184 +04:00  INF  Entity Framework Core 6.0.31 initialized 'AppDbContext' using provider 'Microsoft.EntityFrameworkCore.SqlServer:6.0.31' with options: None
2024-07-02 19:07:06.193 +04:00  INF  Executed DbCommand (3ms) [Parameters=[@__id_0='?' (DbType = Int32)], CommandType='"Text"', CommandTimeout='30']
SELECT TOP(1) [t].[Id], [t].[Age], [t].[CreatedDate], [t].[Email], [t].[Name], [t].[Salary], [t].[SoftDelete], [t].[Surname]
FROM [Teachers] AS [t]
WHERE [t].[Id] = @__id_0
2024-07-02 19:07:06.412 +04:00  INF  Executing OkObjectResult, writing value of type '<>f__AnonymousType0`1[[System.String, System.Private.CoreLib, Version=6.0.0.0, Culture=neutral, PublicKeyToken=7cec85d7bea7798e]]'.
2024-07-02 19:07:06.416 +04:00  INF  Executed action App.Controllers.Admin.TeacherController.Delete (App) in 277.9814ms
2024-07-02 19:07:06.416 +04:00  INF  Executed endpoint 'App.Controllers.Admin.TeacherController.Delete (App)'
2024-07-02 19:07:06.479 +04:00  INF  Executed DbCommand (76ms) [Parameters=[@p0='?' (DbType = Int32)], CommandType='"Text"', CommandTimeout='30']
SET NOCOUNT ON;
DELETE FROM [Teachers]
WHERE [Id] = @p0;
SELECT @@ROWCOUNT;
2024-07-02 19:07:06.484 +04:00  ERR  Connection id "0HN4QL2AEM2SK", Request id "0HN4QL2AEM2SK:0000000B": An unhandled exception was thrown by the application.System.InvalidOperationException: The connection does not support MultipleActiveResultSets.
   at Microsoft.Data.SqlClient.SqlInternalConnectionTds.ValidateConnectionForExecute(SqlCommand command)
   at Microsoft.Data.SqlClient.SqlInternalTransaction.Rollback()
   at Microsoft.Data.SqlClient.SqlInternalTransaction.Dispose(Boolean disposing)
   at Microsoft.Data.SqlClient.SqlInternalTransaction.Dispose()
   at Microsoft.Data.SqlClient.SqlTransaction.Dispose(Boolean disposing)
   at System.Data.Common.DbTransaction.DisposeAsync()
   at Microsoft.EntityFrameworkCore.Storage.RelationalTransaction.DisposeAsync()
   at Microsoft.EntityFrameworkCore.Storage.RelationalConnection.ResetStateAsync(Boolean disposeDbConnection)
   at Microsoft.Extensions.DependencyInjection.ServiceLookup.ServiceProviderEngineScope.<DisposeAsync>g__Await|22_0(Int32 i, ValueTask vt, List`1 toDispose)
   at Microsoft.EntityFrameworkCore.DbContext.DisposeAsync()
   at Microsoft.Extensions.DependencyInjection.ServiceLookup.ServiceProviderEngineScope.<DisposeAsync>g__Await|22_0(Int32 i, ValueTask vt, List`1 toDispose)
   at Microsoft.AspNetCore.Http.Features.RequestServicesFeature.<DisposeAsync>g__Awaited|9_0(RequestServicesFeature servicesFeature, ValueTask vt)
   at Microsoft.AspNetCore.Server.Kestrel.Core.Internal.Http.HttpProtocol.<FireOnCompleted>g__ProcessEvents|230_0(HttpProtocol protocol, Stack`1 events)

2024-07-02 19:07:06.494 +04:00  INF  Request finished HTTP/2 DELETE https://localhost:7095/api/admin/Teacher/Delete?id=3 - - - 200 - application/json;+charset=utf-8 360.0622ms
2024-07-02 19:07:15.097 +04:00  INF  Request starting HTTP/2 GET https://localhost:7095/api/admin/Teacher/GetAll - -
2024-07-02 19:07:15.097 +04:00  INF  Executing endpoint 'App.Controllers.Admin.TeacherController.GetAll (App)'
2024-07-02 19:07:15.101 +04:00  INF  Route matched with {action = "GetAll", controller = "Teacher"}. Executing controller action with signature System.Threading.Tasks.Task`1[Microsoft.AspNetCore.Mvc.IActionResult] GetAll() on controller App.Controllers.Admin.TeacherController (App).
2024-07-02 19:07:15.114 +04:00  INF  Entity Framework Core 6.0.31 initialized 'AppDbContext' using provider 'Microsoft.EntityFrameworkCore.SqlServer:6.0.31' with options: None
2024-07-02 19:07:15.133 +04:00  INF  Executed DbCommand (2ms) [Parameters=[], CommandType='"Text"', CommandTimeout='30']
SELECT [t].[Id], [t].[Age], [t].[CreatedDate], [t].[Email], [t].[Name], [t].[Salary], [t].[SoftDelete], [t].[Surname]
FROM [Teachers] AS [t]
2024-07-02 19:07:15.153 +04:00  INF  Executing OkObjectResult, writing value of type 'System.Collections.Generic.List`1[[Service.DTOs.Admin.Teachers.TeacherDto, Service, Version=1.0.0.0, Culture=neutral, PublicKeyToken=null]]'.
2024-07-02 19:07:15.160 +04:00  INF  Executed action App.Controllers.Admin.TeacherController.GetAll (App) in 58.2581ms
2024-07-02 19:07:15.160 +04:00  INF  Executed endpoint 'App.Controllers.Admin.TeacherController.GetAll (App)'
2024-07-02 19:07:15.160 +04:00  INF  Request finished HTTP/2 GET https://localhost:7095/api/admin/Teacher/GetAll - - - 200 - application/json;+charset=utf-8 63.5701ms
2024-07-02 19:08:06.026 +04:00  INF  Now listening on: https://localhost:7095
2024-07-02 19:08:06.058 +04:00  INF  Now listening on: http://localhost:5035
2024-07-02 19:08:06.061 +04:00  INF  Application started. Press Ctrl+C to shut down.
2024-07-02 19:08:06.062 +04:00  INF  Hosting environment: Development
2024-07-02 19:08:06.062 +04:00  INF  Content root path: C:\Users\ASUS\OneDrive\Рабочий стол\API\AppCourse\App\
2024-07-02 19:08:06.497 +04:00  INF  Request starting HTTP/2 GET https://localhost:7095/swagger/index.html - -
2024-07-02 19:08:06.708 +04:00  INF  Request finished HTTP/2 GET https://localhost:7095/swagger/index.html - - - 200 - text/html;charset=utf-8 214.0905ms
2024-07-02 19:08:06.722 +04:00  INF  Request starting HTTP/2 GET https://localhost:7095/_framework/aspnetcore-browser-refresh.js - -
2024-07-02 19:08:06.722 +04:00  INF  Request starting HTTP/2 GET https://localhost:7095/_vs/browserLink - -
2024-07-02 19:08:06.724 +04:00  INF  Request finished HTTP/2 GET https://localhost:7095/_framework/aspnetcore-browser-refresh.js - - - 200 11976 application/javascript;+charset=utf-8 2.3641ms
2024-07-02 19:08:06.764 +04:00  INF  Request finished HTTP/2 GET https://localhost:7095/_vs/browserLink - - - 200 - text/javascript;+charset=UTF-8 42.3370ms
2024-07-02 19:08:07.003 +04:00  INF  Request starting HTTP/2 GET https://localhost:7095/swagger/v1/swagger.json - -
2024-07-02 19:08:07.100 +04:00  INF  Request finished HTTP/2 GET https://localhost:7095/swagger/v1/swagger.json - - - 200 - application/json;charset=utf-8 96.7218ms
2024-07-02 19:08:15.756 +04:00  INF  Request starting HTTP/2 DELETE https://localhost:7095/api/admin/Teacher/Delete?id=5 - -
2024-07-02 19:08:15.765 +04:00  INF  Executing endpoint 'App.Controllers.Admin.TeacherController.Delete (App)'
2024-07-02 19:08:15.798 +04:00  INF  Route matched with {action = "Delete", controller = "Teacher"}. Executing controller action with signature System.Threading.Tasks.Task`1[Microsoft.AspNetCore.Mvc.IActionResult] Delete(Int32) on controller App.Controllers.Admin.TeacherController (App).
2024-07-02 19:08:16.626 +04:00  WRN  No store type was specified for the decimal property 'Salary' on entity type 'Teacher'. This will cause values to be silently truncated if they do not fit in the default precision and scale. Explicitly specify the SQL server column type that can accommodate all the values in 'OnModelCreating' using 'HasColumnType', specify precision and scale using 'HasPrecision', or configure a value converter using 'HasConversion'.
2024-07-02 19:08:16.814 +04:00  INF  Entity Framework Core 6.0.31 initialized 'AppDbContext' using provider 'Microsoft.EntityFrameworkCore.SqlServer:6.0.31' with options: None
2024-07-02 19:08:17.748 +04:00  INF  Executed DbCommand (56ms) [Parameters=[@__id_0='?' (DbType = Int32)], CommandType='"Text"', CommandTimeout='30']
SELECT TOP(1) [t].[Id], [t].[Age], [t].[CreatedDate], [t].[Email], [t].[Name], [t].[Salary], [t].[SoftDelete], [t].[Surname]
FROM [Teachers] AS [t]
WHERE [t].[Id] = @__id_0
2024-07-02 19:08:17.781 +04:00  INF  Executed action App.Controllers.Admin.TeacherController.Delete (App) in 1977.7177ms
2024-07-02 19:08:17.782 +04:00  INF  Executed endpoint 'App.Controllers.Admin.TeacherController.Delete (App)'
2024-07-02 19:08:17.787 +04:00  ERR  An unhandled exception has occurred while executing the request.Service.Helpers.Exceptions.NotFoundException: Data not found
   at Service.Services.TeacherService.DeleteAsync(Nullable`1 id) in C:\Users\ASUS\OneDrive\Рабочий стол\API\AppCourse\Service\Services\TeacherService.cs:line 40
   at App.Controllers.Admin.TeacherController.Delete(Int32 id) in C:\Users\ASUS\OneDrive\Рабочий стол\API\AppCourse\App\Controllers\Admin\TeacherController.cs:line 53
   at Microsoft.AspNetCore.Mvc.Infrastructure.ActionMethodExecutor.TaskOfIActionResultExecutor.Execute(IActionResultTypeMapper mapper, ObjectMethodExecutor executor, Object controller, Object[] arguments)
   at Microsoft.AspNetCore.Mvc.Infrastructure.ControllerActionInvoker.<InvokeActionMethodAsync>g__Awaited|12_0(ControllerActionInvoker invoker, ValueTask`1 actionResultValueTask)
   at Microsoft.AspNetCore.Mvc.Infrastructure.ControllerActionInvoker.<InvokeNextActionFilterAsync>g__Awaited|10_0(ControllerActionInvoker invoker, Task lastTask, State next, Scope scope, Object state, Boolean isCompleted)
   at Microsoft.AspNetCore.Mvc.Infrastructure.ControllerActionInvoker.Rethrow(ActionExecutedContextSealed context)
   at Microsoft.AspNetCore.Mvc.Infrastructure.ControllerActionInvoker.Next(State& next, Scope& scope, Object& state, Boolean& isCompleted)
   at Microsoft.AspNetCore.Mvc.Infrastructure.ControllerActionInvoker.<InvokeInnerFilterAsync>g__Awaited|13_0(ControllerActionInvoker invoker, Task lastTask, State next, Scope scope, Object state, Boolean isCompleted)
   at Microsoft.AspNetCore.Mvc.Infrastructure.ResourceInvoker.<InvokeFilterPipelineAsync>g__Awaited|20_0(ResourceInvoker invoker, Task lastTask, State next, Scope scope, Object state, Boolean isCompleted)
   at Microsoft.AspNetCore.Mvc.Infrastructure.ResourceInvoker.<InvokeAsync>g__Logged|17_1(ResourceInvoker invoker)
   at Microsoft.AspNetCore.Mvc.Infrastructure.ResourceInvoker.<InvokeAsync>g__Logged|17_1(ResourceInvoker invoker)
   at Microsoft.AspNetCore.Routing.EndpointMiddleware.<Invoke>g__AwaitRequestTask|6_0(Endpoint endpoint, Task requestTask, ILogger logger)
   at Microsoft.AspNetCore.Authorization.AuthorizationMiddleware.Invoke(HttpContext context)
   at Swashbuckle.AspNetCore.SwaggerUI.SwaggerUIMiddleware.Invoke(HttpContext httpContext)
   at Swashbuckle.AspNetCore.Swagger.SwaggerMiddleware.Invoke(HttpContext httpContext, ISwaggerProvider swaggerProvider)
   at Microsoft.AspNetCore.Diagnostics.DeveloperExceptionPageMiddleware.Invoke(HttpContext context)

2024-07-02 19:08:17.830 +04:00  INF  Request finished HTTP/2 DELETE https://localhost:7095/api/admin/Teacher/Delete?id=5 - - - 500 - text/plain;+charset=utf-8 2074.0572ms
2024-07-02 19:10:19.160 +04:00  INF  Now listening on: https://localhost:7095
2024-07-02 19:10:19.192 +04:00  INF  Now listening on: http://localhost:5035
2024-07-02 19:10:19.197 +04:00  INF  Application started. Press Ctrl+C to shut down.
2024-07-02 19:10:19.197 +04:00  INF  Hosting environment: Development
2024-07-02 19:10:19.197 +04:00  INF  Content root path: C:\Users\ASUS\OneDrive\Рабочий стол\API\AppCourse\App\
2024-07-02 19:10:19.635 +04:00  INF  Request starting HTTP/2 GET https://localhost:7095/swagger/index.html - -
2024-07-02 19:10:19.863 +04:00  INF  Request finished HTTP/2 GET https://localhost:7095/swagger/index.html - - - 200 - text/html;charset=utf-8 231.8488ms
2024-07-02 19:10:19.940 +04:00  INF  Request starting HTTP/2 GET https://localhost:7095/_vs/browserLink - -
2024-07-02 19:10:19.940 +04:00  INF  Request starting HTTP/2 GET https://localhost:7095/_framework/aspnetcore-browser-refresh.js - -
2024-07-02 19:10:19.943 +04:00  INF  Request finished HTTP/2 GET https://localhost:7095/_framework/aspnetcore-browser-refresh.js - - - 200 11976 application/javascript;+charset=utf-8 2.1700ms
2024-07-02 19:10:19.976 +04:00  INF  Request finished HTTP/2 GET https://localhost:7095/_vs/browserLink - - - 200 - text/javascript;+charset=UTF-8 35.7442ms
2024-07-02 19:10:20.099 +04:00  INF  Request starting HTTP/2 GET https://localhost:7095/swagger/v1/swagger.json - -
2024-07-02 19:10:20.205 +04:00  INF  Request finished HTTP/2 GET https://localhost:7095/swagger/v1/swagger.json - - - 200 - application/json;charset=utf-8 105.0397ms
2024-07-02 19:10:45.187 +04:00  INF  Request starting HTTP/2 POST https://localhost:7095/api/admin/Teacher/Create application/json 107
2024-07-02 19:10:45.195 +04:00  INF  Executing endpoint 'App.Controllers.Admin.TeacherController.Create (App)'
2024-07-02 19:10:45.232 +04:00  INF  Route matched with {action = "Create", controller = "Teacher"}. Executing controller action with signature System.Threading.Tasks.Task`1[Microsoft.AspNetCore.Mvc.IActionResult] Create(Service.DTOs.Admin.Teachers.TeacherCreateDto) on controller App.Controllers.Admin.TeacherController (App).
2024-07-02 19:10:46.091 +04:00  WRN  No store type was specified for the decimal property 'Salary' on entity type 'Teacher'. This will cause values to be silently truncated if they do not fit in the default precision and scale. Explicitly specify the SQL server column type that can accommodate all the values in 'OnModelCreating' using 'HasColumnType', specify precision and scale using 'HasPrecision', or configure a value converter using 'HasConversion'.
2024-07-02 19:10:46.280 +04:00  INF  Entity Framework Core 6.0.31 initialized 'AppDbContext' using provider 'Microsoft.EntityFrameworkCore.SqlServer:6.0.31' with options: None
2024-07-02 19:10:47.113 +04:00  INF  Executed DbCommand (54ms) [Parameters=[@p0='?' (DbType = Int32), @p1='?' (DbType = DateTime2), @p2='?' (Size = 4000), @p3='?' (Size = 4000), @p4='?' (Precision = 18) (Scale = 2) (DbType = Decimal), @p5='?' (DbType = Boolean), @p6='?' (Size = 4000)], CommandType='"Text"', CommandTimeout='30']
SET NOCOUNT ON;
INSERT INTO [Teachers] ([Age], [CreatedDate], [Email], [Name], [Salary], [SoftDelete], [Surname])
VALUES (@p0, @p1, @p2, @p3, @p4, @p5, @p6);
SELECT [Id]
FROM [Teachers]
WHERE @@ROWCOUNT = 1 AND [Id] = scope_identity();
2024-07-02 19:10:47.194 +04:00  INF  Executing CreatedAtActionResult, writing value of type '<>f__AnonymousType1`1[[System.String, System.Private.CoreLib, Version=6.0.0.0, Culture=neutral, PublicKeyToken=7cec85d7bea7798e]]'.
2024-07-02 19:10:47.225 +04:00  INF  Executed action App.Controllers.Admin.TeacherController.Create (App) in 1987.149ms
2024-07-02 19:10:47.226 +04:00  INF  Executed endpoint 'App.Controllers.Admin.TeacherController.Create (App)'
2024-07-02 19:10:47.231 +04:00  INF  Request finished HTTP/2 POST https://localhost:7095/api/admin/Teacher/Create application/json 107 - 201 - application/json;+charset=utf-8 2044.2712ms
2024-07-02 19:10:55.737 +04:00  INF  Request starting HTTP/2 GET https://localhost:7095/api/admin/Teacher/GetAll - -
2024-07-02 19:10:55.741 +04:00  INF  Executing endpoint 'App.Controllers.Admin.TeacherController.GetAll (App)'
2024-07-02 19:10:55.745 +04:00  INF  Route matched with {action = "GetAll", controller = "Teacher"}. Executing controller action with signature System.Threading.Tasks.Task`1[Microsoft.AspNetCore.Mvc.IActionResult] GetAll() on controller App.Controllers.Admin.TeacherController (App).
2024-07-02 19:10:55.799 +04:00  INF  Entity Framework Core 6.0.31 initialized 'AppDbContext' using provider 'Microsoft.EntityFrameworkCore.SqlServer:6.0.31' with options: None
2024-07-02 19:10:56.055 +04:00  INF  Executed DbCommand (3ms) [Parameters=[], CommandType='"Text"', CommandTimeout='30']
SELECT [t].[Id], [t].[Age], [t].[CreatedDate], [t].[Email], [t].[Name], [t].[Salary], [t].[SoftDelete], [t].[Surname]
FROM [Teachers] AS [t]
2024-07-02 19:10:56.076 +04:00  INF  Executing OkObjectResult, writing value of type 'System.Collections.Generic.List`1[[Service.DTOs.Admin.Teachers.TeacherDto, Service, Version=1.0.0.0, Culture=neutral, PublicKeyToken=null]]'.
2024-07-02 19:10:56.081 +04:00  INF  Executed action App.Controllers.Admin.TeacherController.GetAll (App) in 335.9471ms
2024-07-02 19:10:56.081 +04:00  INF  Executed endpoint 'App.Controllers.Admin.TeacherController.GetAll (App)'
2024-07-02 19:10:56.082 +04:00  INF  Request finished HTTP/2 GET https://localhost:7095/api/admin/Teacher/GetAll - - - 200 - application/json;+charset=utf-8 344.1612ms
2024-07-02 19:11:27.191 +04:00  INF  Request starting HTTP/2 PUT https://localhost:7095/api/admin/Teacher/Edit/4 application/json 46
2024-07-02 19:11:27.191 +04:00  INF  Executing endpoint 'App.Controllers.Admin.TeacherController.Edit (App)'
2024-07-02 19:11:27.195 +04:00  INF  Route matched with {action = "Edit", controller = "Teacher"}. Executing controller action with signature System.Threading.Tasks.Task`1[Microsoft.AspNetCore.Mvc.IActionResult] Edit(Int32, Service.DTOs.Admin.Teachers.TeacherEditDto) on controller App.Controllers.Admin.TeacherController (App).
2024-07-02 19:11:27.211 +04:00  INF  Entity Framework Core 6.0.31 initialized 'AppDbContext' using provider 'Microsoft.EntityFrameworkCore.SqlServer:6.0.31' with options: None
2024-07-02 19:11:27.216 +04:00  INF  Executing BadRequestObjectResult, writing value of type 'Microsoft.AspNetCore.Mvc.ValidationProblemDetails'.
2024-07-02 19:11:27.217 +04:00  INF  Executed action App.Controllers.Admin.TeacherController.Edit (App) in 22.022ms
2024-07-02 19:11:27.217 +04:00  INF  Executed endpoint 'App.Controllers.Admin.TeacherController.Edit (App)'
2024-07-02 19:11:27.218 +04:00  INF  Request finished HTTP/2 PUT https://localhost:7095/api/admin/Teacher/Edit/4 application/json 46 - 400 - application/problem+json;+charset=utf-8 27.0216ms
2024-07-02 19:15:35.875 +04:00  INF  Request starting HTTP/2 GET https://localhost:7095/api/admin/Teacher/GetAll - -
2024-07-02 19:15:35.876 +04:00  INF  Executing endpoint 'App.Controllers.Admin.TeacherController.GetAll (App)'
2024-07-02 19:15:35.876 +04:00  INF  Route matched with {action = "GetAll", controller = "Teacher"}. Executing controller action with signature System.Threading.Tasks.Task`1[Microsoft.AspNetCore.Mvc.IActionResult] GetAll() on controller App.Controllers.Admin.TeacherController (App).
2024-07-02 19:15:35.877 +04:00  INF  Entity Framework Core 6.0.31 initialized 'AppDbContext' using provider 'Microsoft.EntityFrameworkCore.SqlServer:6.0.31' with options: None
2024-07-02 19:15:35.882 +04:00  INF  Executed DbCommand (2ms) [Parameters=[], CommandType='"Text"', CommandTimeout='30']
SELECT [t].[Id], [t].[Age], [t].[CreatedDate], [t].[Email], [t].[Name], [t].[Salary], [t].[SoftDelete], [t].[Surname]
FROM [Teachers] AS [t]
2024-07-02 19:15:35.883 +04:00  INF  Executing OkObjectResult, writing value of type 'System.Collections.Generic.List`1[[Service.DTOs.Admin.Teachers.TeacherDto, Service, Version=1.0.0.0, Culture=neutral, PublicKeyToken=null]]'.
2024-07-02 19:15:35.883 +04:00  INF  Executed action App.Controllers.Admin.TeacherController.GetAll (App) in 7.5262ms
2024-07-02 19:15:35.884 +04:00  INF  Executed endpoint 'App.Controllers.Admin.TeacherController.GetAll (App)'
2024-07-02 19:15:35.884 +04:00  INF  Request finished HTTP/2 GET https://localhost:7095/api/admin/Teacher/GetAll - - - 200 - application/json;+charset=utf-8 8.5618ms
2024-07-02 19:16:21.625 +04:00  INF  Request starting HTTP/2 PUT https://localhost:7095/api/admin/Teacher/Edit/4 application/json 106
2024-07-02 19:16:21.626 +04:00  INF  Executing endpoint 'App.Controllers.Admin.TeacherController.Edit (App)'
2024-07-02 19:16:21.626 +04:00  INF  Route matched with {action = "Edit", controller = "Teacher"}. Executing controller action with signature System.Threading.Tasks.Task`1[Microsoft.AspNetCore.Mvc.IActionResult] Edit(Int32, Service.DTOs.Admin.Teachers.TeacherEditDto) on controller App.Controllers.Admin.TeacherController (App).
2024-07-02 19:16:21.627 +04:00  INF  Entity Framework Core 6.0.31 initialized 'AppDbContext' using provider 'Microsoft.EntityFrameworkCore.SqlServer:6.0.31' with options: None
2024-07-02 19:16:21.717 +04:00  INF  Executed DbCommand (3ms) [Parameters=[@__id_0='?' (DbType = Int32)], CommandType='"Text"', CommandTimeout='30']
SELECT TOP(1) [t].[Id], [t].[Age], [t].[CreatedDate], [t].[Email], [t].[Name], [t].[Salary], [t].[SoftDelete], [t].[Surname]
FROM [Teachers] AS [t]
WHERE [t].[Id] = @__id_0
2024-07-02 19:16:21.733 +04:00  INF  Executed DbCommand (5ms) [Parameters=[@p7='?' (DbType = Int32), @p0='?' (DbType = Int32), @p1='?' (DbType = DateTime2), @p2='?' (Size = 4000), @p3='?' (Size = 4000), @p4='?' (Precision = 18) (Scale = 2) (DbType = Decimal), @p5='?' (DbType = Boolean), @p6='?' (Size = 4000)], CommandType='"Text"', CommandTimeout='30']
SET NOCOUNT ON;
UPDATE [Teachers] SET [Age] = @p0, [CreatedDate] = @p1, [Email] = @p2, [Name] = @p3, [Salary] = @p4, [SoftDelete] = @p5, [Surname] = @p6
WHERE [Id] = @p7;
SELECT @@ROWCOUNT;
2024-07-02 19:16:21.738 +04:00  INF  Executing OkObjectResult, writing value of type '<>f__AnonymousType0`1[[System.String, System.Private.CoreLib, Version=6.0.0.0, Culture=neutral, PublicKeyToken=7cec85d7bea7798e]]'.
2024-07-02 19:16:21.739 +04:00  INF  Executed action App.Controllers.Admin.TeacherController.Edit (App) in 113.3661ms
2024-07-02 19:16:21.739 +04:00  INF  Executed endpoint 'App.Controllers.Admin.TeacherController.Edit (App)'
2024-07-02 19:16:21.740 +04:00  INF  Request finished HTTP/2 PUT https://localhost:7095/api/admin/Teacher/Edit/4 application/json 106 - 200 - application/json;+charset=utf-8 114.4725ms
2024-07-02 19:16:33.392 +04:00  INF  Request starting HTTP/2 GET https://localhost:7095/api/admin/Teacher/GetAll - -
2024-07-02 19:16:33.392 +04:00  INF  Executing endpoint 'App.Controllers.Admin.TeacherController.GetAll (App)'
2024-07-02 19:16:33.392 +04:00  INF  Route matched with {action = "GetAll", controller = "Teacher"}. Executing controller action with signature System.Threading.Tasks.Task`1[Microsoft.AspNetCore.Mvc.IActionResult] GetAll() on controller App.Controllers.Admin.TeacherController (App).
2024-07-02 19:16:33.393 +04:00  INF  Entity Framework Core 6.0.31 initialized 'AppDbContext' using provider 'Microsoft.EntityFrameworkCore.SqlServer:6.0.31' with options: None
2024-07-02 19:16:33.396 +04:00  INF  Executed DbCommand (2ms) [Parameters=[], CommandType='"Text"', CommandTimeout='30']
SELECT [t].[Id], [t].[Age], [t].[CreatedDate], [t].[Email], [t].[Name], [t].[Salary], [t].[SoftDelete], [t].[Surname]
FROM [Teachers] AS [t]
2024-07-02 19:16:33.396 +04:00  INF  Executing OkObjectResult, writing value of type 'System.Collections.Generic.List`1[[Service.DTOs.Admin.Teachers.TeacherDto, Service, Version=1.0.0.0, Culture=neutral, PublicKeyToken=null]]'.
2024-07-02 19:16:33.397 +04:00  INF  Executed action App.Controllers.Admin.TeacherController.GetAll (App) in 4.2051ms
2024-07-02 19:16:33.397 +04:00  INF  Executed endpoint 'App.Controllers.Admin.TeacherController.GetAll (App)'
2024-07-02 19:16:33.397 +04:00  INF  Request finished HTTP/2 GET https://localhost:7095/api/admin/Teacher/GetAll - - - 200 - application/json;+charset=utf-8 5.2722ms
2024-07-02 19:18:43.139 +04:00  INF  Now listening on: https://localhost:7095
2024-07-02 19:18:43.169 +04:00  INF  Now listening on: http://localhost:5035
2024-07-02 19:18:43.172 +04:00  INF  Application started. Press Ctrl+C to shut down.
2024-07-02 19:18:43.173 +04:00  INF  Hosting environment: Development
2024-07-02 19:18:43.173 +04:00  INF  Content root path: C:\Users\ASUS\OneDrive\Рабочий стол\API\AppCourse\App\
2024-07-02 19:18:43.782 +04:00  INF  Request starting HTTP/2 GET https://localhost:7095/swagger/index.html - -
2024-07-02 19:18:44.040 +04:00  INF  Request finished HTTP/2 GET https://localhost:7095/swagger/index.html - - - 200 - text/html;charset=utf-8 261.7230ms
2024-07-02 19:18:44.047 +04:00  INF  Request starting HTTP/2 GET https://localhost:7095/_framework/aspnetcore-browser-refresh.js - -
2024-07-02 19:18:44.050 +04:00  INF  Request finished HTTP/2 GET https://localhost:7095/_framework/aspnetcore-browser-refresh.js - - - 200 11976 application/javascript;+charset=utf-8 2.7186ms
2024-07-02 19:18:44.168 +04:00  INF  Request starting HTTP/2 GET https://localhost:7095/_vs/browserLink - -
2024-07-02 19:18:44.210 +04:00  INF  Request finished HTTP/2 GET https://localhost:7095/_vs/browserLink - - - 200 - text/javascript;+charset=UTF-8 41.7260ms
2024-07-02 19:18:44.268 +04:00  INF  Request starting HTTP/2 GET https://localhost:7095/swagger/v1/swagger.json - -
2024-07-02 19:18:44.375 +04:00  INF  Request finished HTTP/2 GET https://localhost:7095/swagger/v1/swagger.json - - - 200 - application/json;charset=utf-8 107.3775ms
2024-07-02 19:28:11.911 +04:00  INF  Now listening on: https://localhost:7095
2024-07-02 19:28:11.942 +04:00  INF  Now listening on: http://localhost:5035
2024-07-02 19:28:11.946 +04:00  INF  Application started. Press Ctrl+C to shut down.
2024-07-02 19:28:11.946 +04:00  INF  Hosting environment: Development
2024-07-02 19:28:11.946 +04:00  INF  Content root path: C:\Users\ASUS\OneDrive\Рабочий стол\API\AppCourse\App\
2024-07-02 19:28:23.380 +04:00  INF  Now listening on: https://localhost:7095
2024-07-02 19:28:23.421 +04:00  INF  Now listening on: http://localhost:5035
2024-07-02 19:28:23.426 +04:00  INF  Application started. Press Ctrl+C to shut down.
2024-07-02 19:28:23.427 +04:00  INF  Hosting environment: Development
2024-07-02 19:28:23.427 +04:00  INF  Content root path: C:\Users\ASUS\OneDrive\Рабочий стол\API\AppCourse\App\
2024-07-02 19:28:54.640 +04:00  INF  Now listening on: https://localhost:7095
2024-07-02 19:28:54.677 +04:00  INF  Now listening on: http://localhost:5035
2024-07-02 19:28:54.681 +04:00  INF  Application started. Press Ctrl+C to shut down.
2024-07-02 19:28:54.682 +04:00  INF  Hosting environment: Development
2024-07-02 19:28:54.682 +04:00  INF  Content root path: C:\Users\ASUS\OneDrive\Рабочий стол\API\AppCourse\App\
2024-07-02 19:28:55.170 +04:00  INF  Request starting HTTP/2 GET https://localhost:7095/swagger/index.html - -
2024-07-02 19:28:55.480 +04:00  INF  Request finished HTTP/2 GET https://localhost:7095/swagger/index.html - - - 200 - text/html;charset=utf-8 313.0139ms
2024-07-02 19:28:55.494 +04:00  INF  Request starting HTTP/2 GET https://localhost:7095/_framework/aspnetcore-browser-refresh.js - -
2024-07-02 19:28:55.497 +04:00  INF  Request finished HTTP/2 GET https://localhost:7095/_framework/aspnetcore-browser-refresh.js - - - 200 11976 application/javascript;+charset=utf-8 3.0268ms
2024-07-02 19:28:55.620 +04:00  INF  Request starting HTTP/2 GET https://localhost:7095/_vs/browserLink - -
2024-07-02 19:28:55.658 +04:00  INF  Request finished HTTP/2 GET https://localhost:7095/_vs/browserLink - - - 200 - text/javascript;+charset=UTF-8 38.5725ms
2024-07-02 19:28:55.714 +04:00  INF  Request starting HTTP/2 GET https://localhost:7095/swagger/v1/swagger.json - -
2024-07-02 19:28:55.832 +04:00  INF  Request finished HTTP/2 GET https://localhost:7095/swagger/v1/swagger.json - - - 200 - application/json;charset=utf-8 117.4215ms
2024-07-02 19:31:16.821 +04:00  INF  Now listening on: https://localhost:7095
2024-07-02 19:31:16.855 +04:00  INF  Now listening on: http://localhost:5035
2024-07-02 19:31:16.861 +04:00  INF  Application started. Press Ctrl+C to shut down.
2024-07-02 19:31:16.861 +04:00  INF  Hosting environment: Development
2024-07-02 19:31:16.861 +04:00  INF  Content root path: C:\Users\ASUS\OneDrive\Рабочий стол\API\AppCourse\App\
2024-07-02 19:31:17.229 +04:00  INF  Request starting HTTP/2 GET https://localhost:7095/swagger/index.html - -
2024-07-02 19:31:17.478 +04:00  INF  Request finished HTTP/2 GET https://localhost:7095/swagger/index.html - - - 200 - text/html;charset=utf-8 252.0990ms
2024-07-02 19:31:17.487 +04:00  INF  Request starting HTTP/2 GET https://localhost:7095/_framework/aspnetcore-browser-refresh.js - -
2024-07-02 19:31:17.489 +04:00  INF  Request finished HTTP/2 GET https://localhost:7095/_framework/aspnetcore-browser-refresh.js - - - 200 11976 application/javascript;+charset=utf-8 2.0853ms
2024-07-02 19:31:17.609 +04:00  INF  Request starting HTTP/2 GET https://localhost:7095/_vs/browserLink - -
2024-07-02 19:31:17.647 +04:00  INF  Request finished HTTP/2 GET https://localhost:7095/_vs/browserLink - - - 200 - text/javascript;+charset=UTF-8 37.3233ms
2024-07-02 19:31:17.706 +04:00  INF  Request starting HTTP/2 GET https://localhost:7095/swagger/v1/swagger.json - -
2024-07-02 19:31:17.817 +04:00  INF  Request finished HTTP/2 GET https://localhost:7095/swagger/v1/swagger.json - - - 200 - application/json;charset=utf-8 111.6076ms
2024-07-02 19:31:25.067 +04:00  INF  Request starting HTTP/2 GET https://localhost:7095/api/admin/Room/GetAll - -
2024-07-02 19:31:25.086 +04:00  INF  Executing endpoint 'App.Controllers.Admin.RoomController.GetAll (App)'
2024-07-02 19:31:25.109 +04:00  INF  Route matched with {action = "GetAll", controller = "Room"}. Executing controller action with signature System.Threading.Tasks.Task`1[Microsoft.AspNetCore.Mvc.IActionResult] GetAll() on controller App.Controllers.Admin.RoomController (App).
2024-07-02 19:31:26.258 +04:00  WRN  No store type was specified for the decimal property 'Salary' on entity type 'Teacher'. This will cause values to be silently truncated if they do not fit in the default precision and scale. Explicitly specify the SQL server column type that can accommodate all the values in 'OnModelCreating' using 'HasColumnType', specify precision and scale using 'HasPrecision', or configure a value converter using 'HasConversion'.
2024-07-02 19:31:26.424 +04:00  INF  Entity Framework Core 6.0.31 initialized 'AppDbContext' using provider 'Microsoft.EntityFrameworkCore.SqlServer:6.0.31' with options: None
2024-07-02 19:31:27.598 +04:00  INF  Executed DbCommand (36ms) [Parameters=[], CommandType='"Text"', CommandTimeout='30']
SELECT [r].[Id], [r].[CreatedDate], [r].[Name], [r].[SeatCount], [r].[SoftDelete]
FROM [Rooms] AS [r]
2024-07-02 19:31:27.647 +04:00  INF  Executing OkObjectResult, writing value of type 'System.Collections.Generic.List`1[[Service.DTOs.Admin.Rooms.RoomDto, Service, Version=1.0.0.0, Culture=neutral, PublicKeyToken=null]]'.
2024-07-02 19:31:27.659 +04:00  INF  Executed action App.Controllers.Admin.RoomController.GetAll (App) in 2542.6415ms
2024-07-02 19:31:27.659 +04:00  INF  Executed endpoint 'App.Controllers.Admin.RoomController.GetAll (App)'
2024-07-02 19:31:27.664 +04:00  INF  Request finished HTTP/2 GET https://localhost:7095/api/admin/Room/GetAll - - - 200 - application/json;+charset=utf-8 2596.6837ms
2024-07-02 19:31:43.264 +04:00  INF  Request starting HTTP/2 POST https://localhost:7095/api/admin/Room/Create application/json 38
2024-07-02 19:31:43.267 +04:00  INF  Executing endpoint 'App.Controllers.Admin.RoomController.Create (App)'
2024-07-02 19:31:43.284 +04:00  INF  Route matched with {action = "Create", controller = "Room"}. Executing controller action with signature System.Threading.Tasks.Task`1[Microsoft.AspNetCore.Mvc.IActionResult] Create(Service.DTOs.Admin.Rooms.RoomCreateDto) on controller App.Controllers.Admin.RoomController (App).
2024-07-02 19:31:43.331 +04:00  INF  Entity Framework Core 6.0.31 initialized 'AppDbContext' using provider 'Microsoft.EntityFrameworkCore.SqlServer:6.0.31' with options: None
2024-07-02 19:31:43.723 +04:00  INF  Executed DbCommand (29ms) [Parameters=[@p0='?' (DbType = DateTime2), @p1='?' (Size = 4000), @p2='?' (DbType = Int32), @p3='?' (DbType = Boolean)], CommandType='"Text"', CommandTimeout='30']
SET NOCOUNT ON;
INSERT INTO [Rooms] ([CreatedDate], [Name], [SeatCount], [SoftDelete])
VALUES (@p0, @p1, @p2, @p3);
SELECT [Id]
FROM [Rooms]
WHERE @@ROWCOUNT = 1 AND [Id] = scope_identity();
2024-07-02 19:31:43.842 +04:00  INF  Executing CreatedAtActionResult, writing value of type '<>f__AnonymousType1`1[[System.String, System.Private.CoreLib, Version=6.0.0.0, Culture=neutral, PublicKeyToken=7cec85d7bea7798e]]'.
2024-07-02 19:31:43.869 +04:00  INF  Executed action App.Controllers.Admin.RoomController.Create (App) in 585.0708ms
2024-07-02 19:31:43.869 +04:00  INF  Executed endpoint 'App.Controllers.Admin.RoomController.Create (App)'
2024-07-02 19:31:43.870 +04:00  INF  Request finished HTTP/2 POST https://localhost:7095/api/admin/Room/Create application/json 38 - 201 - application/json;+charset=utf-8 605.8925ms
2024-07-02 19:31:51.117 +04:00  INF  Request starting HTTP/2 GET https://localhost:7095/api/admin/Room/GetAll - -
2024-07-02 19:31:51.118 +04:00  INF  Executing endpoint 'App.Controllers.Admin.RoomController.GetAll (App)'
2024-07-02 19:31:51.118 +04:00  INF  Route matched with {action = "GetAll", controller = "Room"}. Executing controller action with signature System.Threading.Tasks.Task`1[Microsoft.AspNetCore.Mvc.IActionResult] GetAll() on controller App.Controllers.Admin.RoomController (App).
2024-07-02 19:31:51.139 +04:00  INF  Entity Framework Core 6.0.31 initialized 'AppDbContext' using provider 'Microsoft.EntityFrameworkCore.SqlServer:6.0.31' with options: None
2024-07-02 19:31:51.147 +04:00  INF  Executed DbCommand (6ms) [Parameters=[], CommandType='"Text"', CommandTimeout='30']
SELECT [r].[Id], [r].[CreatedDate], [r].[Name], [r].[SeatCount], [r].[SoftDelete]
FROM [Rooms] AS [r]
2024-07-02 19:31:51.149 +04:00  INF  Executing OkObjectResult, writing value of type 'System.Collections.Generic.List`1[[Service.DTOs.Admin.Rooms.RoomDto, Service, Version=1.0.0.0, Culture=neutral, PublicKeyToken=null]]'.
2024-07-02 19:31:51.150 +04:00  INF  Executed action App.Controllers.Admin.RoomController.GetAll (App) in 32.2676ms
2024-07-02 19:31:51.150 +04:00  INF  Executed endpoint 'App.Controllers.Admin.RoomController.GetAll (App)'
2024-07-02 19:31:51.151 +04:00  INF  Request finished HTTP/2 GET https://localhost:7095/api/admin/Room/GetAll - - - 200 - application/json;+charset=utf-8 33.8354ms
2024-07-02 19:31:59.456 +04:00  INF  Request starting HTTP/2 GET https://localhost:7095/api/admin/Room/GetById/3 - -
2024-07-02 19:31:59.456 +04:00  INF  Executing endpoint 'App.Controllers.Admin.RoomController.GetById (App)'
2024-07-02 19:31:59.460 +04:00  INF  Route matched with {action = "GetById", controller = "Room"}. Executing controller action with signature System.Threading.Tasks.Task`1[Microsoft.AspNetCore.Mvc.IActionResult] GetById(Int32) on controller App.Controllers.Admin.RoomController (App).
2024-07-02 19:31:59.461 +04:00  INF  Entity Framework Core 6.0.31 initialized 'AppDbContext' using provider 'Microsoft.EntityFrameworkCore.SqlServer:6.0.31' with options: None
2024-07-02 19:31:59.541 +04:00  INF  Executed DbCommand (2ms) [Parameters=[@__id_0='?' (DbType = Int32)], CommandType='"Text"', CommandTimeout='30']
SELECT TOP(1) [r].[Id], [r].[CreatedDate], [r].[Name], [r].[SeatCount], [r].[SoftDelete]
FROM [Rooms] AS [r]
WHERE [r].[Id] = @__id_0
2024-07-02 19:31:59.543 +04:00  INF  Executing OkObjectResult, writing value of type 'Service.DTOs.Admin.Rooms.RoomDto'.
2024-07-02 19:31:59.544 +04:00  INF  Executed action App.Controllers.Admin.RoomController.GetById (App) in 83.2916ms
2024-07-02 19:31:59.544 +04:00  INF  Executed endpoint 'App.Controllers.Admin.RoomController.GetById (App)'
2024-07-02 19:31:59.544 +04:00  INF  Request finished HTTP/2 GET https://localhost:7095/api/admin/Room/GetById/3 - - - 200 - application/json;+charset=utf-8 88.2801ms
2024-07-02 19:32:03.325 +04:00  INF  Request starting HTTP/2 GET https://localhost:7095/api/admin/Room/GetById/33 - -
2024-07-02 19:32:03.326 +04:00  INF  Executing endpoint 'App.Controllers.Admin.RoomController.GetById (App)'
2024-07-02 19:32:03.326 +04:00  INF  Route matched with {action = "GetById", controller = "Room"}. Executing controller action with signature System.Threading.Tasks.Task`1[Microsoft.AspNetCore.Mvc.IActionResult] GetById(Int32) on controller App.Controllers.Admin.RoomController (App).
2024-07-02 19:32:03.327 +04:00  INF  Entity Framework Core 6.0.31 initialized 'AppDbContext' using provider 'Microsoft.EntityFrameworkCore.SqlServer:6.0.31' with options: None
2024-07-02 19:32:03.333 +04:00  INF  Executed DbCommand (2ms) [Parameters=[@__id_0='?' (DbType = Int32)], CommandType='"Text"', CommandTimeout='30']
SELECT TOP(1) [r].[Id], [r].[CreatedDate], [r].[Name], [r].[SeatCount], [r].[SoftDelete]
FROM [Rooms] AS [r]
WHERE [r].[Id] = @__id_0
2024-07-02 19:32:03.334 +04:00  INF  Executed action App.Controllers.Admin.RoomController.GetById (App) in 7.6763ms
2024-07-02 19:32:03.334 +04:00  INF  Executed endpoint 'App.Controllers.Admin.RoomController.GetById (App)'
2024-07-02 19:32:03.338 +04:00  ERR  An unhandled exception has occurred while executing the request.System.NullReferenceException: Object reference not set to an instance of an object.
   at Service.Services.RoomService.GetByIdAsync(Nullable`1 id) in C:\Users\ASUS\OneDrive\Рабочий стол\API\AppCourse\Service\Services\RoomService.cs:line 64
   at App.Controllers.Admin.RoomController.GetById(Int32 id) in C:\Users\ASUS\OneDrive\Рабочий стол\API\AppCourse\App\Controllers\Admin\RoomController.cs:line 37
   at Microsoft.AspNetCore.Mvc.Infrastructure.ActionMethodExecutor.TaskOfIActionResultExecutor.Execute(IActionResultTypeMapper mapper, ObjectMethodExecutor executor, Object controller, Object[] arguments)
   at Microsoft.AspNetCore.Mvc.Infrastructure.ControllerActionInvoker.<InvokeActionMethodAsync>g__Awaited|12_0(ControllerActionInvoker invoker, ValueTask`1 actionResultValueTask)
   at Microsoft.AspNetCore.Mvc.Infrastructure.ControllerActionInvoker.<InvokeNextActionFilterAsync>g__Awaited|10_0(ControllerActionInvoker invoker, Task lastTask, State next, Scope scope, Object state, Boolean isCompleted)
   at Microsoft.AspNetCore.Mvc.Infrastructure.ControllerActionInvoker.Rethrow(ActionExecutedContextSealed context)
   at Microsoft.AspNetCore.Mvc.Infrastructure.ControllerActionInvoker.Next(State& next, Scope& scope, Object& state, Boolean& isCompleted)
   at Microsoft.AspNetCore.Mvc.Infrastructure.ControllerActionInvoker.<InvokeInnerFilterAsync>g__Awaited|13_0(ControllerActionInvoker invoker, Task lastTask, State next, Scope scope, Object state, Boolean isCompleted)
   at Microsoft.AspNetCore.Mvc.Infrastructure.ResourceInvoker.<InvokeFilterPipelineAsync>g__Awaited|20_0(ResourceInvoker invoker, Task lastTask, State next, Scope scope, Object state, Boolean isCompleted)
   at Microsoft.AspNetCore.Mvc.Infrastructure.ResourceInvoker.<InvokeAsync>g__Logged|17_1(ResourceInvoker invoker)
   at Microsoft.AspNetCore.Mvc.Infrastructure.ResourceInvoker.<InvokeAsync>g__Logged|17_1(ResourceInvoker invoker)
   at Microsoft.AspNetCore.Routing.EndpointMiddleware.<Invoke>g__AwaitRequestTask|6_0(Endpoint endpoint, Task requestTask, ILogger logger)
   at Microsoft.AspNetCore.Authorization.AuthorizationMiddleware.Invoke(HttpContext context)
   at Swashbuckle.AspNetCore.SwaggerUI.SwaggerUIMiddleware.Invoke(HttpContext httpContext)
   at Swashbuckle.AspNetCore.Swagger.SwaggerMiddleware.Invoke(HttpContext httpContext, ISwaggerProvider swaggerProvider)
   at Microsoft.AspNetCore.Diagnostics.DeveloperExceptionPageMiddleware.Invoke(HttpContext context)

2024-07-02 19:32:03.508 +04:00  INF  Request finished HTTP/2 GET https://localhost:7095/api/admin/Room/GetById/33 - - - 500 - text/plain;+charset=utf-8 182.7520ms
2024-07-02 19:32:16.030 +04:00  INF  Request starting HTTP/2 PUT https://localhost:7095/api/admin/Room/Edit/4 application/json 40
2024-07-02 19:32:16.031 +04:00  INF  Executing endpoint 'App.Controllers.Admin.RoomController.Edit (App)'
2024-07-02 19:32:16.035 +04:00  INF  Route matched with {action = "Edit", controller = "Room"}. Executing controller action with signature System.Threading.Tasks.Task`1[Microsoft.AspNetCore.Mvc.IActionResult] Edit(Int32, Service.DTOs.Admin.Rooms.RoomEditDto) on controller App.Controllers.Admin.RoomController (App).
2024-07-02 19:32:16.036 +04:00  INF  Entity Framework Core 6.0.31 initialized 'AppDbContext' using provider 'Microsoft.EntityFrameworkCore.SqlServer:6.0.31' with options: None
2024-07-02 19:32:16.057 +04:00  INF  Executed DbCommand (2ms) [Parameters=[@__id_0='?' (DbType = Int32)], CommandType='"Text"', CommandTimeout='30']
SELECT TOP(1) [r].[Id], [r].[CreatedDate], [r].[Name], [r].[SeatCount], [r].[SoftDelete]
FROM [Rooms] AS [r]
WHERE [r].[Id] = @__id_0
2024-07-02 19:32:16.059 +04:00  INF  Executed action App.Controllers.Admin.RoomController.Edit (App) in 24.5564ms
2024-07-02 19:32:16.060 +04:00  INF  Executed endpoint 'App.Controllers.Admin.RoomController.Edit (App)'
2024-07-02 19:32:16.060 +04:00  ERR  An unhandled exception has occurred while executing the request.Service.Helpers.Exceptions.NotFoundException: Data not found
   at Service.Services.RoomService.EditAsync(Nullable`1 id, RoomEditDto model) in C:\Users\ASUS\OneDrive\Рабочий стол\API\AppCourse\Service\Services\RoomService.cs:line 46
   at App.Controllers.Admin.RoomController.Edit(Int32 id, RoomEditDto request) in C:\Users\ASUS\OneDrive\Рабочий стол\API\AppCourse\App\Controllers\Admin\RoomController.cs:line 45
   at Microsoft.AspNetCore.Mvc.Infrastructure.ActionMethodExecutor.TaskOfIActionResultExecutor.Execute(IActionResultTypeMapper mapper, ObjectMethodExecutor executor, Object controller, Object[] arguments)
   at Microsoft.AspNetCore.Mvc.Infrastructure.ControllerActionInvoker.<InvokeActionMethodAsync>g__Awaited|12_0(ControllerActionInvoker invoker, ValueTask`1 actionResultValueTask)
   at Microsoft.AspNetCore.Mvc.Infrastructure.ControllerActionInvoker.<InvokeNextActionFilterAsync>g__Awaited|10_0(ControllerActionInvoker invoker, Task lastTask, State next, Scope scope, Object state, Boolean isCompleted)
   at Microsoft.AspNetCore.Mvc.Infrastructure.ControllerActionInvoker.Rethrow(ActionExecutedContextSealed context)
   at Microsoft.AspNetCore.Mvc.Infrastructure.ControllerActionInvoker.Next(State& next, Scope& scope, Object& state, Boolean& isCompleted)
   at Microsoft.AspNetCore.Mvc.Infrastructure.ControllerActionInvoker.<InvokeInnerFilterAsync>g__Awaited|13_0(ControllerActionInvoker invoker, Task lastTask, State next, Scope scope, Object state, Boolean isCompleted)
   at Microsoft.AspNetCore.Mvc.Infrastructure.ResourceInvoker.<InvokeFilterPipelineAsync>g__Awaited|20_0(ResourceInvoker invoker, Task lastTask, State next, Scope scope, Object state, Boolean isCompleted)
   at Microsoft.AspNetCore.Mvc.Infrastructure.ResourceInvoker.<InvokeAsync>g__Logged|17_1(ResourceInvoker invoker)
   at Microsoft.AspNetCore.Mvc.Infrastructure.ResourceInvoker.<InvokeAsync>g__Logged|17_1(ResourceInvoker invoker)
   at Microsoft.AspNetCore.Routing.EndpointMiddleware.<Invoke>g__AwaitRequestTask|6_0(Endpoint endpoint, Task requestTask, ILogger logger)
   at Microsoft.AspNetCore.Authorization.AuthorizationMiddleware.Invoke(HttpContext context)
   at Swashbuckle.AspNetCore.SwaggerUI.SwaggerUIMiddleware.Invoke(HttpContext httpContext)
   at Swashbuckle.AspNetCore.Swagger.SwaggerMiddleware.Invoke(HttpContext httpContext, ISwaggerProvider swaggerProvider)
   at Microsoft.AspNetCore.Diagnostics.DeveloperExceptionPageMiddleware.Invoke(HttpContext context)

2024-07-02 19:32:16.063 +04:00  INF  Request finished HTTP/2 PUT https://localhost:7095/api/admin/Room/Edit/4 application/json 40 - 500 - text/plain;+charset=utf-8 32.2722ms
2024-07-02 19:32:28.332 +04:00  INF  Request starting HTTP/2 PUT https://localhost:7095/api/admin/Room/Edit/3 application/json 38
2024-07-02 19:32:28.332 +04:00  INF  Executing endpoint 'App.Controllers.Admin.RoomController.Edit (App)'
2024-07-02 19:32:28.332 +04:00  INF  Route matched with {action = "Edit", controller = "Room"}. Executing controller action with signature System.Threading.Tasks.Task`1[Microsoft.AspNetCore.Mvc.IActionResult] Edit(Int32, Service.DTOs.Admin.Rooms.RoomEditDto) on controller App.Controllers.Admin.RoomController (App).
2024-07-02 19:32:28.334 +04:00  INF  Entity Framework Core 6.0.31 initialized 'AppDbContext' using provider 'Microsoft.EntityFrameworkCore.SqlServer:6.0.31' with options: None
2024-07-02 19:32:28.336 +04:00  INF  Executed DbCommand (1ms) [Parameters=[@__id_0='?' (DbType = Int32)], CommandType='"Text"', CommandTimeout='30']
SELECT TOP(1) [r].[Id], [r].[CreatedDate], [r].[Name], [r].[SeatCount], [r].[SoftDelete]
FROM [Rooms] AS [r]
WHERE [r].[Id] = @__id_0
2024-07-02 19:32:28.349 +04:00  INF  Executed DbCommand (3ms) [Parameters=[@p4='?' (DbType = Int32), @p0='?' (DbType = DateTime2), @p1='?' (Size = 4000), @p2='?' (DbType = Int32), @p3='?' (DbType = Boolean)], CommandType='"Text"', CommandTimeout='30']
SET NOCOUNT ON;
UPDATE [Rooms] SET [CreatedDate] = @p0, [Name] = @p1, [SeatCount] = @p2, [SoftDelete] = @p3
WHERE [Id] = @p4;
SELECT @@ROWCOUNT;
2024-07-02 19:32:28.423 +04:00  INF  Executing OkObjectResult, writing value of type '<>f__AnonymousType0`1[[System.String, System.Private.CoreLib, Version=6.0.0.0, Culture=neutral, PublicKeyToken=7cec85d7bea7798e]]'.
2024-07-02 19:32:28.424 +04:00  INF  Executed action App.Controllers.Admin.RoomController.Edit (App) in 91.3651ms
2024-07-02 19:32:28.424 +04:00  INF  Executed endpoint 'App.Controllers.Admin.RoomController.Edit (App)'
2024-07-02 19:32:28.424 +04:00  INF  Request finished HTTP/2 PUT https://localhost:7095/api/admin/Room/Edit/3 application/json 38 - 200 - application/json;+charset=utf-8 92.4355ms
2024-07-02 19:32:36.439 +04:00  INF  Request starting HTTP/2 GET https://localhost:7095/api/admin/Room/GetAll - -
2024-07-02 19:32:36.439 +04:00  INF  Executing endpoint 'App.Controllers.Admin.RoomController.GetAll (App)'
2024-07-02 19:32:36.439 +04:00  INF  Route matched with {action = "GetAll", controller = "Room"}. Executing controller action with signature System.Threading.Tasks.Task`1[Microsoft.AspNetCore.Mvc.IActionResult] GetAll() on controller App.Controllers.Admin.RoomController (App).
2024-07-02 19:32:36.440 +04:00  INF  Entity Framework Core 6.0.31 initialized 'AppDbContext' using provider 'Microsoft.EntityFrameworkCore.SqlServer:6.0.31' with options: None
2024-07-02 19:32:36.442 +04:00  INF  Executed DbCommand (2ms) [Parameters=[], CommandType='"Text"', CommandTimeout='30']
SELECT [r].[Id], [r].[CreatedDate], [r].[Name], [r].[SeatCount], [r].[SoftDelete]
FROM [Rooms] AS [r]
2024-07-02 19:32:36.442 +04:00  INF  Executing OkObjectResult, writing value of type 'System.Collections.Generic.List`1[[Service.DTOs.Admin.Rooms.RoomDto, Service, Version=1.0.0.0, Culture=neutral, PublicKeyToken=null]]'.
2024-07-02 19:32:36.447 +04:00  INF  Executed action App.Controllers.Admin.RoomController.GetAll (App) in 7.4861ms
2024-07-02 19:32:36.447 +04:00  INF  Executed endpoint 'App.Controllers.Admin.RoomController.GetAll (App)'
2024-07-02 19:32:36.448 +04:00  INF  Request finished HTTP/2 GET https://localhost:7095/api/admin/Room/GetAll - - - 200 - application/json;+charset=utf-8 9.4618ms
2024-07-02 19:32:51.359 +04:00  INF  Request starting HTTP/2 DELETE https://localhost:7095/api/admin/Room/Delete?id=4 - -
2024-07-02 19:32:51.359 +04:00  INF  Executing endpoint 'App.Controllers.Admin.RoomController.Delete (App)'
2024-07-02 19:32:51.365 +04:00  INF  Route matched with {action = "Delete", controller = "Room"}. Executing controller action with signature System.Threading.Tasks.Task`1[Microsoft.AspNetCore.Mvc.IActionResult] Delete(Int32) on controller App.Controllers.Admin.RoomController (App).
2024-07-02 19:32:51.366 +04:00  INF  Entity Framework Core 6.0.31 initialized 'AppDbContext' using provider 'Microsoft.EntityFrameworkCore.SqlServer:6.0.31' with options: None
2024-07-02 19:32:51.378 +04:00  INF  Executed DbCommand (4ms) [Parameters=[@__id_0='?' (DbType = Int32)], CommandType='"Text"', CommandTimeout='30']
SELECT TOP(1) [r].[Id], [r].[CreatedDate], [r].[Name], [r].[SeatCount], [r].[SoftDelete]
FROM [Rooms] AS [r]
WHERE [r].[Id] = @__id_0
2024-07-02 19:32:51.380 +04:00  INF  Executed action App.Controllers.Admin.RoomController.Delete (App) in 14.8577ms
2024-07-02 19:32:51.380 +04:00  INF  Executed endpoint 'App.Controllers.Admin.RoomController.Delete (App)'
2024-07-02 19:32:51.380 +04:00  ERR  An unhandled exception has occurred while executing the request.Service.Helpers.Exceptions.NotFoundException: Data not found
   at Service.Services.RoomService.DeleteAsync(Nullable`1 id) in C:\Users\ASUS\OneDrive\Рабочий стол\API\AppCourse\Service\Services\RoomService.cs:line 36
   at App.Controllers.Admin.RoomController.Delete(Int32 id) in C:\Users\ASUS\OneDrive\Рабочий стол\API\AppCourse\App\Controllers\Admin\RoomController.cs:line 53
   at Microsoft.AspNetCore.Mvc.Infrastructure.ActionMethodExecutor.TaskOfIActionResultExecutor.Execute(IActionResultTypeMapper mapper, ObjectMethodExecutor executor, Object controller, Object[] arguments)
   at Microsoft.AspNetCore.Mvc.Infrastructure.ControllerActionInvoker.<InvokeActionMethodAsync>g__Awaited|12_0(ControllerActionInvoker invoker, ValueTask`1 actionResultValueTask)
   at Microsoft.AspNetCore.Mvc.Infrastructure.ControllerActionInvoker.<InvokeNextActionFilterAsync>g__Awaited|10_0(ControllerActionInvoker invoker, Task lastTask, State next, Scope scope, Object state, Boolean isCompleted)
   at Microsoft.AspNetCore.Mvc.Infrastructure.ControllerActionInvoker.Rethrow(ActionExecutedContextSealed context)
   at Microsoft.AspNetCore.Mvc.Infrastructure.ControllerActionInvoker.Next(State& next, Scope& scope, Object& state, Boolean& isCompleted)
   at Microsoft.AspNetCore.Mvc.Infrastructure.ControllerActionInvoker.<InvokeInnerFilterAsync>g__Awaited|13_0(ControllerActionInvoker invoker, Task lastTask, State next, Scope scope, Object state, Boolean isCompleted)
   at Microsoft.AspNetCore.Mvc.Infrastructure.ResourceInvoker.<InvokeFilterPipelineAsync>g__Awaited|20_0(ResourceInvoker invoker, Task lastTask, State next, Scope scope, Object state, Boolean isCompleted)
   at Microsoft.AspNetCore.Mvc.Infrastructure.ResourceInvoker.<InvokeAsync>g__Logged|17_1(ResourceInvoker invoker)
   at Microsoft.AspNetCore.Mvc.Infrastructure.ResourceInvoker.<InvokeAsync>g__Logged|17_1(ResourceInvoker invoker)
   at Microsoft.AspNetCore.Routing.EndpointMiddleware.<Invoke>g__AwaitRequestTask|6_0(Endpoint endpoint, Task requestTask, ILogger logger)
   at Microsoft.AspNetCore.Authorization.AuthorizationMiddleware.Invoke(HttpContext context)
   at Swashbuckle.AspNetCore.SwaggerUI.SwaggerUIMiddleware.Invoke(HttpContext httpContext)
   at Swashbuckle.AspNetCore.Swagger.SwaggerMiddleware.Invoke(HttpContext httpContext, ISwaggerProvider swaggerProvider)
   at Microsoft.AspNetCore.Diagnostics.DeveloperExceptionPageMiddleware.Invoke(HttpContext context)

2024-07-02 19:32:51.382 +04:00  INF  Request finished HTTP/2 DELETE https://localhost:7095/api/admin/Room/Delete?id=4 - - - 500 - text/plain;+charset=utf-8 23.8523ms
2024-07-02 19:32:55.967 +04:00  INF  Request starting HTTP/2 DELETE https://localhost:7095/api/admin/Room/Delete?id=3 - -
2024-07-02 19:32:55.967 +04:00  INF  Executing endpoint 'App.Controllers.Admin.RoomController.Delete (App)'
2024-07-02 19:32:55.967 +04:00  INF  Route matched with {action = "Delete", controller = "Room"}. Executing controller action with signature System.Threading.Tasks.Task`1[Microsoft.AspNetCore.Mvc.IActionResult] Delete(Int32) on controller App.Controllers.Admin.RoomController (App).
2024-07-02 19:32:55.968 +04:00  INF  Entity Framework Core 6.0.31 initialized 'AppDbContext' using provider 'Microsoft.EntityFrameworkCore.SqlServer:6.0.31' with options: None
2024-07-02 19:32:55.972 +04:00  INF  Executed DbCommand (2ms) [Parameters=[@__id_0='?' (DbType = Int32)], CommandType='"Text"', CommandTimeout='30']
SELECT TOP(1) [r].[Id], [r].[CreatedDate], [r].[Name], [r].[SeatCount], [r].[SoftDelete]
FROM [Rooms] AS [r]
WHERE [r].[Id] = @__id_0
2024-07-02 19:32:56.066 +04:00  INF  Executed DbCommand (80ms) [Parameters=[@p0='?' (DbType = Int32)], CommandType='"Text"', CommandTimeout='30']
SET NOCOUNT ON;
DELETE FROM [Rooms]
WHERE [Id] = @p0;
SELECT @@ROWCOUNT;
2024-07-02 19:32:56.074 +04:00  INF  Executing OkObjectResult, writing value of type '<>f__AnonymousType0`1[[System.String, System.Private.CoreLib, Version=6.0.0.0, Culture=neutral, PublicKeyToken=7cec85d7bea7798e]]'.
2024-07-02 19:32:56.075 +04:00  INF  Executed action App.Controllers.Admin.RoomController.Delete (App) in 107.0619ms
2024-07-02 19:32:56.075 +04:00  INF  Executed endpoint 'App.Controllers.Admin.RoomController.Delete (App)'
2024-07-02 19:32:56.075 +04:00  INF  Request finished HTTP/2 DELETE https://localhost:7095/api/admin/Room/Delete?id=3 - - - 200 - application/json;+charset=utf-8 108.0709ms
2024-07-02 19:33:03.041 +04:00  INF  Request starting HTTP/2 GET https://localhost:7095/api/admin/Room/GetAll - -
2024-07-02 19:33:03.041 +04:00  INF  Executing endpoint 'App.Controllers.Admin.RoomController.GetAll (App)'
2024-07-02 19:33:03.041 +04:00  INF  Route matched with {action = "GetAll", controller = "Room"}. Executing controller action with signature System.Threading.Tasks.Task`1[Microsoft.AspNetCore.Mvc.IActionResult] GetAll() on controller App.Controllers.Admin.RoomController (App).
2024-07-02 19:33:03.042 +04:00  INF  Entity Framework Core 6.0.31 initialized 'AppDbContext' using provider 'Microsoft.EntityFrameworkCore.SqlServer:6.0.31' with options: None
2024-07-02 19:33:03.045 +04:00  INF  Executed DbCommand (2ms) [Parameters=[], CommandType='"Text"', CommandTimeout='30']
SELECT [r].[Id], [r].[CreatedDate], [r].[Name], [r].[SeatCount], [r].[SoftDelete]
FROM [Rooms] AS [r]
2024-07-02 19:33:03.046 +04:00  INF  Executing OkObjectResult, writing value of type 'System.Collections.Generic.List`1[[Service.DTOs.Admin.Rooms.RoomDto, Service, Version=1.0.0.0, Culture=neutral, PublicKeyToken=null]]'.
2024-07-02 19:33:03.046 +04:00  INF  Executed action App.Controllers.Admin.RoomController.GetAll (App) in 4.6137ms
2024-07-02 19:33:03.046 +04:00  INF  Executed endpoint 'App.Controllers.Admin.RoomController.GetAll (App)'
2024-07-02 19:33:03.046 +04:00  INF  Request finished HTTP/2 GET https://localhost:7095/api/admin/Room/GetAll - - - 200 - application/json;+charset=utf-8 5.6981ms
